0 info it worked if it ends with ok
1 verbose cli [ 'C:\\Program Files\\nodejs\\node.exe',
1 verbose cli   'C:\\Program Files\\nodejs\\node_modules\\npm\\bin\\npm-cli.js',
1 verbose cli   'install',
1 verbose cli   'react-facebook',
1 verbose cli   '--save' ]
2 info using npm@2.15.8
3 info using node@v4.4.7
4 verbose install initial load of C:\Users\kench\unsplash\package.json
5 verbose installManyTop reading scoped package data from C:\Users\kench\unsplash\node_modules\babel-core\package.json
6 verbose installManyTop reading scoped package data from C:\Users\kench\unsplash\node_modules\babel-loader\package.json
7 verbose installManyTop reading scoped package data from C:\Users\kench\unsplash\node_modules\babel-preset-es2015\package.json
8 verbose installManyTop reading scoped package data from C:\Users\kench\unsplash\node_modules\babel-preset-react\package.json
9 verbose installManyTop reading scoped package data from C:\Users\kench\unsplash\node_modules\flux\package.json
10 verbose installManyTop reading scoped package data from C:\Users\kench\unsplash\node_modules\flux-react-dispatcher\package.json
11 verbose installManyTop reading scoped package data from C:\Users\kench\unsplash\node_modules\jquery-fullscreen\package.json
12 verbose installManyTop reading scoped package data from C:\Users\kench\unsplash\node_modules\jquery-fullscreen-plugin\package.json
13 verbose installManyTop reading scoped package data from C:\Users\kench\unsplash\node_modules\lightgallery\package.json
14 verbose installManyTop reading scoped package data from C:\Users\kench\unsplash\node_modules\lodash\package.json
15 verbose installManyTop reading scoped package data from C:\Users\kench\unsplash\node_modules\masonry-layout\package.json
16 verbose installManyTop reading scoped package data from C:\Users\kench\unsplash\node_modules\react\package.json
17 verbose installManyTop reading scoped package data from C:\Users\kench\unsplash\node_modules\react-bootstrap\package.json
18 verbose installManyTop reading scoped package data from C:\Users\kench\unsplash\node_modules\react-dom\package.json
19 verbose installManyTop reading scoped package data from C:\Users\kench\unsplash\node_modules\react-facebook\package.json
20 verbose installManyTop reading scoped package data from C:\Users\kench\unsplash\node_modules\react-flux\package.json
21 verbose installManyTop reading scoped package data from C:\Users\kench\unsplash\node_modules\react-fullscreen\package.json
22 verbose installManyTop reading scoped package data from C:\Users\kench\unsplash\node_modules\react-fullscreen-component\package.json
23 verbose installManyTop reading scoped package data from C:\Users\kench\unsplash\node_modules\react-masonry-component\package.json
24 verbose installManyTop reading scoped package data from C:\Users\kench\unsplash\node_modules\react-router\package.json
25 verbose installManyTop reading scoped package data from C:\Users\kench\unsplash\node_modules\webpack\package.json
26 info package.json lightgallery@1.3.2 license should be a valid SPDX license expression
27 verbose readDependencies loading dependencies from C:\Users\kench\unsplash\package.json
28 verbose install react-facebook is installed as 2.1.4
29 silly cache add args [ 'react-facebook', null ]
30 verbose cache add spec react-facebook
31 silly cache add parsed spec Result {
31 silly cache add   raw: 'react-facebook',
31 silly cache add   scope: null,
31 silly cache add   name: 'react-facebook',
31 silly cache add   rawSpec: '',
31 silly cache add   spec: 'latest',
31 silly cache add   type: 'tag' }
32 silly addNamed react-facebook@latest
33 verbose addNamed "latest" is being treated as a dist-tag for react-facebook
34 info addNameTag [ 'react-facebook', 'latest' ]
35 silly mapToRegistry name react-facebook
36 silly mapToRegistry using default registry
37 silly mapToRegistry registry https://registry.npmjs.org/
38 silly mapToRegistry data Result {
38 silly mapToRegistry   raw: 'react-facebook',
38 silly mapToRegistry   scope: null,
38 silly mapToRegistry   name: 'react-facebook',
38 silly mapToRegistry   rawSpec: '',
38 silly mapToRegistry   spec: 'latest',
38 silly mapToRegistry   type: 'tag' }
39 silly mapToRegistry uri https://registry.npmjs.org/react-facebook
40 verbose addNameTag registry:https://registry.npmjs.org/react-facebook not in flight; fetching
41 verbose request uri https://registry.npmjs.org/react-facebook
42 verbose request no auth needed
43 info attempt registry request try #1 at 3:45:43 PM
44 verbose request id 3beea690fd46b126
45 verbose etag "7IM6B6KZ7NPSYGOBR66MIQQK6"
46 http request GET https://registry.npmjs.org/react-facebook
47 http 304 https://registry.npmjs.org/react-facebook
48 verbose headers { date: 'Mon, 31 Oct 2016 22:45:43 GMT',
48 verbose headers   via: '1.1 varnish',
48 verbose headers   'cache-control': 'max-age=300',
48 verbose headers   etag: '"7IM6B6KZ7NPSYGOBR66MIQQK6"',
48 verbose headers   age: '130',
48 verbose headers   connection: 'keep-alive',
48 verbose headers   'x-served-by': 'cache-sjc3139-SJC',
48 verbose headers   'x-cache': 'HIT',
48 verbose headers   'x-cache-hits': '1',
48 verbose headers   'x-timer': 'S1477953943.433652,VS0,VE0',
48 verbose headers   vary: 'Accept-Encoding' }
49 silly get cb [ 304,
49 silly get   { date: 'Mon, 31 Oct 2016 22:45:43 GMT',
49 silly get     via: '1.1 varnish',
49 silly get     'cache-control': 'max-age=300',
49 silly get     etag: '"7IM6B6KZ7NPSYGOBR66MIQQK6"',
49 silly get     age: '130',
49 silly get     connection: 'keep-alive',
49 silly get     'x-served-by': 'cache-sjc3139-SJC',
49 silly get     'x-cache': 'HIT',
49 silly get     'x-cache-hits': '1',
49 silly get     'x-timer': 'S1477953943.433652,VS0,VE0',
49 silly get     vary: 'Accept-Encoding' } ]
50 verbose etag https://registry.npmjs.org/react-facebook from cache
51 verbose get saving react-facebook to C:\Users\kench\AppData\Roaming\npm-cache\registry.npmjs.org\react-facebook\.cache.json
52 verbose correctMkdir C:\Users\kench\AppData\Roaming\npm-cache correctMkdir not in flight; initializing
53 silly addNameTag next cb for react-facebook with tag latest
54 silly addNamed react-facebook@2.1.4
55 verbose addNamed "2.1.4" is a plain semver version for react-facebook
56 silly cache afterAdd react-facebook@2.1.4
57 verbose afterAdd C:\Users\kench\AppData\Roaming\npm-cache\react-facebook\2.1.4\package\package.json not in flight; writing
58 verbose correctMkdir C:\Users\kench\AppData\Roaming\npm-cache correctMkdir not in flight; initializing
59 verbose afterAdd C:\Users\kench\AppData\Roaming\npm-cache\react-facebook\2.1.4\package\package.json written
60 silly install resolved [ { name: 'react-facebook',
60 silly install resolved     version: '2.1.4',
60 silly install resolved     description: 'Facebook components like a Login button, Like, Share, Comments or Embedded Post',
60 silly install resolved     author:
60 silly install resolved      { name: 'Zlatko Fedor',
60 silly install resolved        email: 'zfedor@gmail.com',
60 silly install resolved        url: 'http://www.cherrysro.com/' },
60 silly install resolved     repository:
60 silly install resolved      { type: 'git',
60 silly install resolved        url: 'git://github.com/seeden/react-facebook.git' },
60 silly install resolved     keywords:
60 silly install resolved      [ 'react',
60 silly install resolved        'react-component',
60 silly install resolved        'facebook',
60 silly install resolved        'login',
60 silly install resolved        'login button',
60 silly install resolved        'share',
60 silly install resolved        'share button',
60 silly install resolved        'like',
60 silly install resolved        'like button',
60 silly install resolved        'embeded post',
60 silly install resolved        'comment',
60 silly install resolved        'comments' ],
60 silly install resolved     private: false,
60 silly install resolved     license: 'MIT',
60 silly install resolved     main: './dist/index.js',
60 silly install resolved     engines: { node: '>= 0.12.0' },
60 silly install resolved     scripts:
60 silly install resolved      { prepublish: 'npm run build',
60 silly install resolved        test: 'babel-node ./node_modules/gulp/bin/gulp.js test',
60 silly install resolved        build: 'babel-node ./node_modules/gulp/bin/gulp.js build',
60 silly install resolved        coveralls: 'babel-node ./node_modules/gulp/bin/gulp.js coveralls',
60 silly install resolved        eslint: 'node ./node_modules/eslint/bin/eslint.js --ext .js,.jsx ./src' },
60 silly install resolved     dependencies:
60 silly install resolved      { keymirror: '^0.1.1',
60 silly install resolved        'react-spinner-children': '^1.0.5',
60 silly install resolved        qs: '^6.2.1',
60 silly install resolved        'can-use-dom': '^0.1.0',
60 silly install resolved        'core-decorators': '^0.12.3' },
60 silly install resolved     devDependencies:
60 silly install resolved      { 'babel-cli': '^6.14.0',
60 silly install resolved        'babel-core': '^6.14.0',
60 silly install resolved        'babel-eslint': '^6.1.2',
60 silly install resolved        'babel-plugin-transform-decorators-legacy': '^1.3.4',
60 silly install resolved        'babel-plugin-transform-class-properties': '^6.11.5',
60 silly install resolved        'babel-preset-es2015': '^6.14.0',
60 silly install resolved        'babel-preset-react': '^6.11.1',
60 silly install resolved        'babel-preset-stage-0': '^6.5.0',
60 silly install resolved        'babel-preset-stage-1': '^6.13.0',
60 silly install resolved        'core-decorators': '^0.12.3',
60 silly install resolved        eslint: '^3.5.0',
60 silly install resolved        'eslint-config-airbnb': '^11.1.0',
60 silly install resolved        'eslint-loader': '^1.5.0',
60 silly install resolved        'eslint-plugin-react': '^6.2.0',
60 silly install resolved        'eslint-plugin-jsx-a11y': '^2.2.1',
60 silly install resolved        'eslint-plugin-import': '^1.14.0',
60 silly install resolved        gulp: '^3.9.1',
60 silly install resolved        'gulp-babel': '^6.1.2',
60 silly install resolved        'gulp-coveralls': '^0.1.4',
60 silly install resolved        'gulp-jsx-coverage': '^0.3.8',
60 silly install resolved        'gulp-util': '^3.0.7',
60 silly install resolved        react: '^15.3.1',
60 silly install resolved        'react-addons-test-utils': '^15.3.1',
60 silly install resolved        'react-dom': '^15.3.1',
60 silly install resolved        should: '^11.1.0',
60 silly install resolved        mocha: '^3.0.2',
60 silly install resolved        jsdom: '^3.1.2 || ^6.5.1' },
60 silly install resolved     peerDependencies: { react: '15.x' },
60 silly install resolved     gitHead: 'aa4b0d1d376e9cde5bacee3c4839638cb8061bc8',
60 silly install resolved     bugs: { url: 'https://github.com/seeden/react-facebook/issues' },
60 silly install resolved     homepage: 'https://github.com/seeden/react-facebook#readme',
60 silly install resolved     _id: 'react-facebook@2.1.4',
60 silly install resolved     _shasum: 'dd4e1864b53d5b59dce51829e997c2ac70889d6d',
60 silly install resolved     _from: 'react-facebook@latest',
60 silly install resolved     _npmVersion: '3.8.9',
60 silly install resolved     _nodeVersion: '6.2.0',
60 silly install resolved     _npmUser: { name: 'zlatkofedor', email: 'zfedor@gmail.com' },
60 silly install resolved     dist:
60 silly install resolved      { shasum: 'dd4e1864b53d5b59dce51829e997c2ac70889d6d',
60 silly install resolved        tarball: 'https://registry.npmjs.org/react-facebook/-/react-facebook-2.1.4.tgz' },
60 silly install resolved     maintainers: [ [Object] ],
60 silly install resolved     _npmOperationalInternal:
60 silly install resolved      { host: 'packages-16-east.internal.npmjs.com',
60 silly install resolved        tmp: 'tmp/react-facebook-2.1.4.tgz_1476387587031_0.17333946283906698' },
60 silly install resolved     directories: {},
60 silly install resolved     _resolved: 'https://registry.npmjs.org/react-facebook/-/react-facebook-2.1.4.tgz',
60 silly install resolved     readme: 'ERROR: No README data found!' } ]
61 info install react-facebook@2.1.4 into C:\Users\kench\unsplash
62 info installOne react-facebook@2.1.4
63 verbose installOne of react-facebook to C:\Users\kench\unsplash not in flight; installing
64 verbose correctMkdir C:\Users\kench\AppData\Roaming\npm-cache\_locks correctMkdir not in flight; initializing
65 verbose lock using C:\Users\kench\AppData\Roaming\npm-cache\_locks\react-facebook-a9898b3c14da3501.lock for C:\Users\kench\unsplash\node_modules\react-facebook
66 silly install write writing react-facebook 2.1.4 to C:\Users\kench\unsplash\node_modules\react-facebook
67 verbose unbuild node_modules\react-facebook
68 info preuninstall react-facebook@2.1.4
69 info uninstall react-facebook@2.1.4
70 verbose unbuild rmStuff react-facebook@2.1.4 from C:\Users\kench\unsplash\node_modules
71 info postuninstall react-facebook@2.1.4
72 silly gentlyRm C:\Users\kench\unsplash\node_modules\react-facebook is being purged from base C:\Users\kench\unsplash
73 verbose gentlyRm don't care about contents; nuking C:\Users\kench\unsplash\node_modules\react-facebook
74 silly vacuum-fs purging C:\Users\kench\unsplash\node_modules\react-facebook
75 silly vacuum-fs quitting because other entries in C:\Users\kench\unsplash\node_modules
76 verbose tar unpack C:\Users\kench\AppData\Roaming\npm-cache\react-facebook\2.1.4\package.tgz
77 verbose tar unpacking to C:\Users\kench\unsplash\node_modules\react-facebook
78 silly gentlyRm C:\Users\kench\unsplash\node_modules\react-facebook is being purged
79 verbose gentlyRm don't care about contents; nuking C:\Users\kench\unsplash\node_modules\react-facebook
80 silly gunzTarPerm modes [ '777', '666' ]
81 silly gunzTarPerm extractEntry package.json
82 silly gunzTarPerm modified mode [ 'package.json', 420, 438 ]
83 silly gunzTarPerm extractEntry .npmignore
84 silly gunzTarPerm modified mode [ '.npmignore', 420, 438 ]
85 silly gunzTarPerm extractEntry README.md
86 silly gunzTarPerm modified mode [ 'README.md', 420, 438 ]
87 silly gunzTarPerm extractEntry LICENSE
88 silly gunzTarPerm modified mode [ 'LICENSE', 420, 438 ]
89 silly gunzTarPerm extractEntry gulpfile.js
90 silly gunzTarPerm modified mode [ 'gulpfile.js', 420, 438 ]
91 silly gunzTarPerm extractEntry .travis.yml
92 silly gunzTarPerm modified mode [ '.travis.yml', 420, 438 ]
93 silly gunzTarPerm extractEntry .eslintignore
94 silly gunzTarPerm modified mode [ '.eslintignore', 420, 438 ]
95 silly gunzTarPerm extractEntry .babelrc
96 silly gunzTarPerm modified mode [ '.babelrc', 420, 438 ]
97 silly gunzTarPerm extractEntry dist/Comments.js
98 silly gunzTarPerm modified mode [ 'dist/Comments.js', 420, 438 ]
99 silly gunzTarPerm extractEntry dist/Facebook.js
100 silly gunzTarPerm modified mode [ 'dist/Facebook.js', 420, 438 ]
101 silly gunzTarPerm extractEntry dist/FacebookProvider.js
102 silly gunzTarPerm modified mode [ 'dist/FacebookProvider.js', 420, 438 ]
103 silly gunzTarPerm extractEntry dist/Like.js
104 silly gunzTarPerm modified mode [ 'dist/Like.js', 420, 438 ]
105 silly gunzTarPerm extractEntry dist/Login.js
106 silly gunzTarPerm modified mode [ 'dist/Login.js', 420, 438 ]
107 silly gunzTarPerm extractEntry dist/EmbeddedPost.js
108 silly gunzTarPerm modified mode [ 'dist/EmbeddedPost.js', 420, 438 ]
109 silly gunzTarPerm extractEntry dist/Page.js
110 silly gunzTarPerm modified mode [ 'dist/Page.js', 420, 438 ]
111 silly gunzTarPerm extractEntry dist/Parser.js
112 silly gunzTarPerm modified mode [ 'dist/Parser.js', 420, 438 ]
113 silly gunzTarPerm extractEntry dist/Share.js
114 silly gunzTarPerm modified mode [ 'dist/Share.js', 420, 438 ]
115 silly gunzTarPerm extractEntry dist/ShareButton.js
116 silly gunzTarPerm modified mode [ 'dist/ShareButton.js', 420, 438 ]
117 silly gunzTarPerm extractEntry dist/index.js
118 silly gunzTarPerm modified mode [ 'dist/index.js', 420, 438 ]
119 silly gunzTarPerm extractEntry dist/CommentsCount.js
120 silly gunzTarPerm modified mode [ 'dist/CommentsCount.js', 420, 438 ]
121 silly gunzTarPerm extractEntry dist/LoginButton.js
122 silly gunzTarPerm modified mode [ 'dist/LoginButton.js', 420, 438 ]
123 silly gunzTarPerm extractEntry dist/constants/ColorScheme.js
124 silly gunzTarPerm modified mode [ 'dist/constants/ColorScheme.js', 420, 438 ]
125 silly gunzTarPerm extractEntry dist/constants/CommentsOrderBy.js
126 silly gunzTarPerm modified mode [ 'dist/constants/CommentsOrderBy.js', 420, 438 ]
127 silly gunzTarPerm extractEntry dist/constants/LikeAction.js
128 silly gunzTarPerm modified mode [ 'dist/constants/LikeAction.js', 420, 438 ]
129 silly gunzTarPerm extractEntry dist/constants/LikeLayout.js
130 silly gunzTarPerm modified mode [ 'dist/constants/LikeLayout.js', 420, 438 ]
131 silly gunzTarPerm extractEntry dist/constants/LikeSize.js
132 silly gunzTarPerm modified mode [ 'dist/constants/LikeSize.js', 420, 438 ]
133 silly gunzTarPerm extractEntry dist/utils/getCurrentHref.js
134 silly gunzTarPerm modified mode [ 'dist/utils/getCurrentHref.js', 420, 438 ]
135 silly gunzTarPerm extractEntry .eslintrc
136 silly gunzTarPerm modified mode [ '.eslintrc', 420, 438 ]
137 silly gunzTarPerm extractEntry tests/input.jsx
138 silly gunzTarPerm modified mode [ 'tests/input.jsx', 420, 438 ]
139 silly gunzTarPerm extractEntry utils/tester.js
140 silly gunzTarPerm modified mode [ 'utils/tester.js', 420, 438 ]
141 verbose write writing to C:\Users\kench\unsplash\node_modules\react-facebook\package.json
142 info preinstall react-facebook@2.1.4
143 verbose readDependencies loading dependencies from C:\Users\kench\unsplash\node_modules\react-facebook\package.json
144 silly prepareForInstallMany adding keymirror@^0.1.1 from react-facebook dependencies
145 silly prepareForInstallMany adding react-spinner-children@^1.0.5 from react-facebook dependencies
146 silly prepareForInstallMany adding qs@^6.2.1 from react-facebook dependencies
147 silly prepareForInstallMany adding can-use-dom@^0.1.0 from react-facebook dependencies
148 silly prepareForInstallMany adding core-decorators@^0.12.3 from react-facebook dependencies
149 verbose readDependencies loading dependencies from C:\Users\kench\unsplash\node_modules\react-facebook\package.json
150 silly cache add args [ 'keymirror@^0.1.1', null ]
151 verbose cache add spec keymirror@^0.1.1
152 silly cache add args [ 'react-spinner-children@^1.0.5', null ]
153 verbose cache add spec react-spinner-children@^1.0.5
154 silly cache add parsed spec Result {
154 silly cache add   raw: 'keymirror@^0.1.1',
154 silly cache add   scope: null,
154 silly cache add   name: 'keymirror',
154 silly cache add   rawSpec: '^0.1.1',
154 silly cache add   spec: '>=0.1.1 <0.2.0',
154 silly cache add   type: 'range' }
155 silly addNamed keymirror@>=0.1.1 <0.2.0
156 verbose addNamed ">=0.1.1 <0.2.0" is a valid semver range for keymirror
157 silly addNameRange { name: 'keymirror', range: '>=0.1.1 <0.2.0', hasData: false }
158 silly mapToRegistry name keymirror
159 silly mapToRegistry using default registry
160 silly mapToRegistry registry https://registry.npmjs.org/
161 silly mapToRegistry data Result {
161 silly mapToRegistry   raw: 'keymirror',
161 silly mapToRegistry   scope: null,
161 silly mapToRegistry   name: 'keymirror',
161 silly mapToRegistry   rawSpec: '',
161 silly mapToRegistry   spec: 'latest',
161 silly mapToRegistry   type: 'tag' }
162 silly mapToRegistry uri https://registry.npmjs.org/keymirror
163 verbose addNameRange registry:https://registry.npmjs.org/keymirror not in flight; fetching
164 silly cache add parsed spec Result {
164 silly cache add   raw: 'react-spinner-children@^1.0.5',
164 silly cache add   scope: null,
164 silly cache add   name: 'react-spinner-children',
164 silly cache add   rawSpec: '^1.0.5',
164 silly cache add   spec: '>=1.0.5 <2.0.0',
164 silly cache add   type: 'range' }
165 silly addNamed react-spinner-children@>=1.0.5 <2.0.0
166 verbose addNamed ">=1.0.5 <2.0.0" is a valid semver range for react-spinner-children
167 silly addNameRange { name: 'react-spinner-children',
167 silly addNameRange   range: '>=1.0.5 <2.0.0',
167 silly addNameRange   hasData: false }
168 silly mapToRegistry name react-spinner-children
169 silly mapToRegistry using default registry
170 silly mapToRegistry registry https://registry.npmjs.org/
171 silly mapToRegistry data Result {
171 silly mapToRegistry   raw: 'react-spinner-children',
171 silly mapToRegistry   scope: null,
171 silly mapToRegistry   name: 'react-spinner-children',
171 silly mapToRegistry   rawSpec: '',
171 silly mapToRegistry   spec: 'latest',
171 silly mapToRegistry   type: 'tag' }
172 silly mapToRegistry uri https://registry.npmjs.org/react-spinner-children
173 verbose addNameRange registry:https://registry.npmjs.org/react-spinner-children not in flight; fetching
174 silly cache add args [ 'qs@^6.2.1', null ]
175 verbose cache add spec qs@^6.2.1
176 silly cache add parsed spec Result {
176 silly cache add   raw: 'qs@^6.2.1',
176 silly cache add   scope: null,
176 silly cache add   name: 'qs',
176 silly cache add   rawSpec: '^6.2.1',
176 silly cache add   spec: '>=6.2.1 <7.0.0',
176 silly cache add   type: 'range' }
177 silly addNamed qs@>=6.2.1 <7.0.0
178 verbose addNamed ">=6.2.1 <7.0.0" is a valid semver range for qs
179 silly addNameRange { name: 'qs', range: '>=6.2.1 <7.0.0', hasData: false }
180 silly mapToRegistry name qs
181 silly mapToRegistry using default registry
182 silly mapToRegistry registry https://registry.npmjs.org/
183 silly mapToRegistry data Result {
183 silly mapToRegistry   raw: 'qs',
183 silly mapToRegistry   scope: null,
183 silly mapToRegistry   name: 'qs',
183 silly mapToRegistry   rawSpec: '',
183 silly mapToRegistry   spec: 'latest',
183 silly mapToRegistry   type: 'tag' }
184 silly mapToRegistry uri https://registry.npmjs.org/qs
185 verbose addNameRange registry:https://registry.npmjs.org/qs not in flight; fetching
186 silly cache add args [ 'can-use-dom@^0.1.0', null ]
187 verbose cache add spec can-use-dom@^0.1.0
188 silly cache add parsed spec Result {
188 silly cache add   raw: 'can-use-dom@^0.1.0',
188 silly cache add   scope: null,
188 silly cache add   name: 'can-use-dom',
188 silly cache add   rawSpec: '^0.1.0',
188 silly cache add   spec: '>=0.1.0 <0.2.0',
188 silly cache add   type: 'range' }
189 silly addNamed can-use-dom@>=0.1.0 <0.2.0
190 verbose addNamed ">=0.1.0 <0.2.0" is a valid semver range for can-use-dom
191 silly addNameRange { name: 'can-use-dom', range: '>=0.1.0 <0.2.0', hasData: false }
192 silly mapToRegistry name can-use-dom
193 silly mapToRegistry using default registry
194 silly mapToRegistry registry https://registry.npmjs.org/
195 silly mapToRegistry data Result {
195 silly mapToRegistry   raw: 'can-use-dom',
195 silly mapToRegistry   scope: null,
195 silly mapToRegistry   name: 'can-use-dom',
195 silly mapToRegistry   rawSpec: '',
195 silly mapToRegistry   spec: 'latest',
195 silly mapToRegistry   type: 'tag' }
196 silly mapToRegistry uri https://registry.npmjs.org/can-use-dom
197 verbose addNameRange registry:https://registry.npmjs.org/can-use-dom not in flight; fetching
198 silly cache add args [ 'core-decorators@^0.12.3', null ]
199 verbose cache add spec core-decorators@^0.12.3
200 silly cache add parsed spec Result {
200 silly cache add   raw: 'core-decorators@^0.12.3',
200 silly cache add   scope: null,
200 silly cache add   name: 'core-decorators',
200 silly cache add   rawSpec: '^0.12.3',
200 silly cache add   spec: '>=0.12.3 <0.13.0',
200 silly cache add   type: 'range' }
201 silly addNamed core-decorators@>=0.12.3 <0.13.0
202 verbose addNamed ">=0.12.3 <0.13.0" is a valid semver range for core-decorators
203 silly addNameRange { name: 'core-decorators',
203 silly addNameRange   range: '>=0.12.3 <0.13.0',
203 silly addNameRange   hasData: false }
204 silly mapToRegistry name core-decorators
205 silly mapToRegistry using default registry
206 silly mapToRegistry registry https://registry.npmjs.org/
207 silly mapToRegistry data Result {
207 silly mapToRegistry   raw: 'core-decorators',
207 silly mapToRegistry   scope: null,
207 silly mapToRegistry   name: 'core-decorators',
207 silly mapToRegistry   rawSpec: '',
207 silly mapToRegistry   spec: 'latest',
207 silly mapToRegistry   type: 'tag' }
208 silly mapToRegistry uri https://registry.npmjs.org/core-decorators
209 verbose addNameRange registry:https://registry.npmjs.org/core-decorators not in flight; fetching
210 verbose request uri https://registry.npmjs.org/keymirror
211 verbose request no auth needed
212 info attempt registry request try #1 at 3:45:44 PM
213 verbose etag "B7A5ERNCC27K88UEBD2SWP3WK"
214 http request GET https://registry.npmjs.org/keymirror
215 verbose request uri https://registry.npmjs.org/can-use-dom
216 verbose request no auth needed
217 info attempt registry request try #1 at 3:45:44 PM
218 verbose etag "AMQP0501VLAKP9NJ1B9XQIRA0"
219 http request GET https://registry.npmjs.org/can-use-dom
220 verbose request uri https://registry.npmjs.org/react-spinner-children
221 verbose request no auth needed
222 info attempt registry request try #1 at 3:45:44 PM
223 verbose etag "1Y88L3AYF5OQIN6GA20V7AGPU"
224 http request GET https://registry.npmjs.org/react-spinner-children
225 verbose request uri https://registry.npmjs.org/qs
226 verbose request no auth needed
227 info attempt registry request try #1 at 3:45:44 PM
228 verbose etag "9KD8E9FEBKR6XM6LG9ZTEX0UL"
229 http request GET https://registry.npmjs.org/qs
230 verbose request uri https://registry.npmjs.org/core-decorators
231 verbose request no auth needed
232 info attempt registry request try #1 at 3:45:44 PM
233 verbose etag "AYZSZIERWQ9GMTLEMPKC6OTPM"
234 http request GET https://registry.npmjs.org/core-decorators
235 http 304 https://registry.npmjs.org/keymirror
236 verbose headers { date: 'Mon, 31 Oct 2016 22:45:43 GMT',
236 verbose headers   via: '1.1 varnish',
236 verbose headers   'cache-control': 'max-age=300',
236 verbose headers   etag: '"B7A5ERNCC27K88UEBD2SWP3WK"',
236 verbose headers   age: '265',
236 verbose headers   connection: 'keep-alive',
236 verbose headers   'x-served-by': 'cache-sjc3139-SJC',
236 verbose headers   'x-cache': 'HIT',
236 verbose headers   'x-cache-hits': '1',
236 verbose headers   'x-timer': 'S1477953943.944001,VS0,VE0',
236 verbose headers   vary: 'Accept-Encoding' }
237 silly get cb [ 304,
237 silly get   { date: 'Mon, 31 Oct 2016 22:45:43 GMT',
237 silly get     via: '1.1 varnish',
237 silly get     'cache-control': 'max-age=300',
237 silly get     etag: '"B7A5ERNCC27K88UEBD2SWP3WK"',
237 silly get     age: '265',
237 silly get     connection: 'keep-alive',
237 silly get     'x-served-by': 'cache-sjc3139-SJC',
237 silly get     'x-cache': 'HIT',
237 silly get     'x-cache-hits': '1',
237 silly get     'x-timer': 'S1477953943.944001,VS0,VE0',
237 silly get     vary: 'Accept-Encoding' } ]
238 verbose etag https://registry.npmjs.org/keymirror from cache
239 verbose get saving keymirror to C:\Users\kench\AppData\Roaming\npm-cache\registry.npmjs.org\keymirror\.cache.json
240 verbose correctMkdir C:\Users\kench\AppData\Roaming\npm-cache correctMkdir not in flight; initializing
241 silly addNameRange number 2 { name: 'keymirror', range: '>=0.1.1 <0.2.0', hasData: true }
242 silly addNameRange versions [ 'keymirror', [ '0.1.0', '0.1.1' ] ]
243 silly addNamed keymirror@0.1.1
244 verbose addNamed "0.1.1" is a plain semver version for keymirror
245 silly cache afterAdd keymirror@0.1.1
246 verbose afterAdd C:\Users\kench\AppData\Roaming\npm-cache\keymirror\0.1.1\package\package.json not in flight; writing
247 verbose correctMkdir C:\Users\kench\AppData\Roaming\npm-cache correctMkdir not in flight; initializing
248 verbose afterAdd C:\Users\kench\AppData\Roaming\npm-cache\keymirror\0.1.1\package\package.json written
249 http 304 https://registry.npmjs.org/qs
250 verbose headers { date: 'Mon, 31 Oct 2016 22:45:44 GMT',
250 verbose headers   via: '1.1 varnish',
250 verbose headers   'cache-control': 'max-age=300',
250 verbose headers   etag: '"9KD8E9FEBKR6XM6LG9ZTEX0UL"',
250 verbose headers   age: '222',
250 verbose headers   connection: 'keep-alive',
250 verbose headers   'x-served-by': 'cache-sjc3635-SJC',
250 verbose headers   'x-cache': 'HIT',
250 verbose headers   'x-cache-hits': '4',
250 verbose headers   'x-timer': 'S1477953944.161367,VS0,VE0',
250 verbose headers   vary: 'Accept-Encoding' }
251 silly get cb [ 304,
251 silly get   { date: 'Mon, 31 Oct 2016 22:45:44 GMT',
251 silly get     via: '1.1 varnish',
251 silly get     'cache-control': 'max-age=300',
251 silly get     etag: '"9KD8E9FEBKR6XM6LG9ZTEX0UL"',
251 silly get     age: '222',
251 silly get     connection: 'keep-alive',
251 silly get     'x-served-by': 'cache-sjc3635-SJC',
251 silly get     'x-cache': 'HIT',
251 silly get     'x-cache-hits': '4',
251 silly get     'x-timer': 'S1477953944.161367,VS0,VE0',
251 silly get     vary: 'Accept-Encoding' } ]
252 verbose etag https://registry.npmjs.org/qs from cache
253 verbose get saving qs to C:\Users\kench\AppData\Roaming\npm-cache\registry.npmjs.org\qs\.cache.json
254 verbose correctMkdir C:\Users\kench\AppData\Roaming\npm-cache correctMkdir not in flight; initializing
255 http 304 https://registry.npmjs.org/core-decorators
256 verbose headers { date: 'Mon, 31 Oct 2016 22:45:44 GMT',
256 verbose headers   via: '1.1 varnish',
256 verbose headers   'cache-control': 'max-age=300',
256 verbose headers   etag: '"AYZSZIERWQ9GMTLEMPKC6OTPM"',
256 verbose headers   age: '130',
256 verbose headers   connection: 'keep-alive',
256 verbose headers   'x-served-by': 'cache-sjc3633-SJC',
256 verbose headers   'x-cache': 'HIT',
256 verbose headers   'x-cache-hits': '1',
256 verbose headers   'x-timer': 'S1477953944.161461,VS0,VE0',
256 verbose headers   vary: 'Accept-Encoding' }
257 silly get cb [ 304,
257 silly get   { date: 'Mon, 31 Oct 2016 22:45:44 GMT',
257 silly get     via: '1.1 varnish',
257 silly get     'cache-control': 'max-age=300',
257 silly get     etag: '"AYZSZIERWQ9GMTLEMPKC6OTPM"',
257 silly get     age: '130',
257 silly get     connection: 'keep-alive',
257 silly get     'x-served-by': 'cache-sjc3633-SJC',
257 silly get     'x-cache': 'HIT',
257 silly get     'x-cache-hits': '1',
257 silly get     'x-timer': 'S1477953944.161461,VS0,VE0',
257 silly get     vary: 'Accept-Encoding' } ]
258 verbose etag https://registry.npmjs.org/core-decorators from cache
259 verbose get saving core-decorators to C:\Users\kench\AppData\Roaming\npm-cache\registry.npmjs.org\core-decorators\.cache.json
260 verbose correctMkdir C:\Users\kench\AppData\Roaming\npm-cache correctMkdir not in flight; initializing
261 http 304 https://registry.npmjs.org/can-use-dom
262 verbose headers { date: 'Mon, 31 Oct 2016 22:45:44 GMT',
262 verbose headers   via: '1.1 varnish',
262 verbose headers   'cache-control': 'max-age=300',
262 verbose headers   etag: '"AMQP0501VLAKP9NJ1B9XQIRA0"',
262 verbose headers   age: '267',
262 verbose headers   connection: 'keep-alive',
262 verbose headers   'x-served-by': 'cache-sjc3142-SJC',
262 verbose headers   'x-cache': 'HIT',
262 verbose headers   'x-cache-hits': '1',
262 verbose headers   'x-timer': 'S1477953944.162083,VS0,VE0',
262 verbose headers   vary: 'Accept-Encoding' }
263 silly get cb [ 304,
263 silly get   { date: 'Mon, 31 Oct 2016 22:45:44 GMT',
263 silly get     via: '1.1 varnish',
263 silly get     'cache-control': 'max-age=300',
263 silly get     etag: '"AMQP0501VLAKP9NJ1B9XQIRA0"',
263 silly get     age: '267',
263 silly get     connection: 'keep-alive',
263 silly get     'x-served-by': 'cache-sjc3142-SJC',
263 silly get     'x-cache': 'HIT',
263 silly get     'x-cache-hits': '1',
263 silly get     'x-timer': 'S1477953944.162083,VS0,VE0',
263 silly get     vary: 'Accept-Encoding' } ]
264 verbose etag https://registry.npmjs.org/can-use-dom from cache
265 verbose get saving can-use-dom to C:\Users\kench\AppData\Roaming\npm-cache\registry.npmjs.org\can-use-dom\.cache.json
266 verbose correctMkdir C:\Users\kench\AppData\Roaming\npm-cache correctMkdir not in flight; initializing
267 http 304 https://registry.npmjs.org/react-spinner-children
268 verbose headers { date: 'Mon, 31 Oct 2016 22:45:44 GMT',
268 verbose headers   via: '1.1 varnish',
268 verbose headers   'cache-control': 'max-age=300',
268 verbose headers   etag: '"1Y88L3AYF5OQIN6GA20V7AGPU"',
268 verbose headers   age: '130',
268 verbose headers   connection: 'keep-alive',
268 verbose headers   'x-served-by': 'cache-sjc3620-SJC',
268 verbose headers   'x-cache': 'HIT',
268 verbose headers   'x-cache-hits': '1',
268 verbose headers   'x-timer': 'S1477953944.162343,VS0,VE0',
268 verbose headers   vary: 'Accept-Encoding' }
269 silly get cb [ 304,
269 silly get   { date: 'Mon, 31 Oct 2016 22:45:44 GMT',
269 silly get     via: '1.1 varnish',
269 silly get     'cache-control': 'max-age=300',
269 silly get     etag: '"1Y88L3AYF5OQIN6GA20V7AGPU"',
269 silly get     age: '130',
269 silly get     connection: 'keep-alive',
269 silly get     'x-served-by': 'cache-sjc3620-SJC',
269 silly get     'x-cache': 'HIT',
269 silly get     'x-cache-hits': '1',
269 silly get     'x-timer': 'S1477953944.162343,VS0,VE0',
269 silly get     vary: 'Accept-Encoding' } ]
270 verbose etag https://registry.npmjs.org/react-spinner-children from cache
271 verbose get saving react-spinner-children to C:\Users\kench\AppData\Roaming\npm-cache\registry.npmjs.org\react-spinner-children\.cache.json
272 verbose correctMkdir C:\Users\kench\AppData\Roaming\npm-cache correctMkdir not in flight; initializing
273 silly addNameRange number 2 { name: 'can-use-dom', range: '>=0.1.0 <0.2.0', hasData: true }
274 silly addNameRange versions [ 'can-use-dom', [ '0.1.0' ] ]
275 silly addNamed can-use-dom@0.1.0
276 verbose addNamed "0.1.0" is a plain semver version for can-use-dom
277 silly cache afterAdd can-use-dom@0.1.0
278 verbose afterAdd C:\Users\kench\AppData\Roaming\npm-cache\can-use-dom\0.1.0\package\package.json not in flight; writing
279 verbose correctMkdir C:\Users\kench\AppData\Roaming\npm-cache correctMkdir not in flight; initializing
280 silly addNameRange number 2 { name: 'qs', range: '>=6.2.1 <7.0.0', hasData: true }
281 silly addNameRange versions [ 'qs',
281 silly addNameRange   [ '0.0.1',
281 silly addNameRange     '0.0.2',
281 silly addNameRange     '0.0.3',
281 silly addNameRange     '0.0.4',
281 silly addNameRange     '0.0.5',
281 silly addNameRange     '0.0.6',
281 silly addNameRange     '0.0.7',
281 silly addNameRange     '0.1.0',
281 silly addNameRange     '0.2.0',
281 silly addNameRange     '0.3.0',
281 silly addNameRange     '0.3.1',
281 silly addNameRange     '0.3.2',
281 silly addNameRange     '0.4.0',
281 silly addNameRange     '0.4.1',
281 silly addNameRange     '0.4.2',
281 silly addNameRange     '0.5.0',
281 silly addNameRange     '0.5.1',
281 silly addNameRange     '0.5.2',
281 silly addNameRange     '0.5.3',
281 silly addNameRange     '0.5.4',
281 silly addNameRange     '0.5.5',
281 silly addNameRange     '0.5.6',
281 silly addNameRange     '0.6.0',
281 silly addNameRange     '0.6.1',
281 silly addNameRange     '0.6.2',
281 silly addNameRange     '0.6.3',
281 silly addNameRange     '0.6.4',
281 silly addNameRange     '0.6.5',
281 silly addNameRange     '0.6.6',
281 silly addNameRange     '1.0.0',
281 silly addNameRange     '1.0.1',
281 silly addNameRange     '1.0.2',
281 silly addNameRange     '1.1.0',
281 silly addNameRange     '1.2.0',
281 silly addNameRange     '1.2.1',
281 silly addNameRange     '1.2.2',
281 silly addNameRange     '2.0.0',
281 silly addNameRange     '2.1.0',
281 silly addNameRange     '2.2.0',
281 silly addNameRange     '2.2.1',
281 silly addNameRange     '2.2.2',
281 silly addNameRange     '2.2.3',
281 silly addNameRange     '2.2.4',
281 silly addNameRange     '2.2.5',
281 silly addNameRange     '2.3.0',
281 silly addNameRange     '2.3.1',
281 silly addNameRange     '2.3.2',
281 silly addNameRange     '2.3.3',
281 silly addNameRange     '2.4.0',
281 silly addNameRange     '2.4.1',
281 silly addNameRange     '2.4.2',
281 silly addNameRange     '3.0.0',
281 silly addNameRange     '3.1.0',
281 silly addNameRange     '4.0.0',
281 silly addNameRange     '5.0.0',
281 silly addNameRange     '5.1.0',
281 silly addNameRange     '5.2.0',
281 silly addNameRange     '6.0.0',
281 silly addNameRange     '6.0.1',
281 silly addNameRange     '6.0.2',
281 silly addNameRange     '6.1.0',
281 silly addNameRange     '6.2.0',
281 silly addNameRange     '5.2.1',
281 silly addNameRange     '6.2.1',
281 silly addNameRange     '6.3.0' ] ]
282 silly addNamed qs@6.3.0
283 verbose addNamed "6.3.0" is a plain semver version for qs
284 silly cache afterAdd qs@6.3.0
285 verbose afterAdd C:\Users\kench\AppData\Roaming\npm-cache\qs\6.3.0\package\package.json not in flight; writing
286 verbose correctMkdir C:\Users\kench\AppData\Roaming\npm-cache correctMkdir not in flight; initializing
287 silly addNameRange number 2 { name: 'react-spinner-children',
287 silly addNameRange   range: '>=1.0.5 <2.0.0',
287 silly addNameRange   hasData: true }
288 silly addNameRange versions [ 'react-spinner-children',
288 silly addNameRange   [ '1.0.1', '1.0.2', '1.0.3', '1.0.4', '1.0.5' ] ]
289 silly addNamed react-spinner-children@1.0.5
290 verbose addNamed "1.0.5" is a plain semver version for react-spinner-children
291 silly addNameRange number 2 { name: 'core-decorators',
291 silly addNameRange   range: '>=0.12.3 <0.13.0',
291 silly addNameRange   hasData: true }
292 silly addNameRange versions [ 'core-decorators',
292 silly addNameRange   [ '0.0.1-broken',
292 silly addNameRange     '0.0.1',
292 silly addNameRange     '0.0.2',
292 silly addNameRange     '0.0.3',
292 silly addNameRange     '0.0.4',
292 silly addNameRange     '0.0.5',
292 silly addNameRange     '0.0.6',
292 silly addNameRange     '0.0.7',
292 silly addNameRange     '0.0.8',
292 silly addNameRange     '0.0.9',
292 silly addNameRange     '0.0.10',
292 silly addNameRange     '0.0.11',
292 silly addNameRange     '0.0.13',
292 silly addNameRange     '0.1.0',
292 silly addNameRange     '0.1.1',
292 silly addNameRange     '0.1.2',
292 silly addNameRange     '0.1.3',
292 silly addNameRange     '0.1.4',
292 silly addNameRange     '0.1.5',
292 silly addNameRange     '0.2.0',
292 silly addNameRange     '0.3.0',
292 silly addNameRange     '0.4.0',
292 silly addNameRange     '0.4.1',
292 silly addNameRange     '0.4.2',
292 silly addNameRange     '0.4.3',
292 silly addNameRange     '0.5.0',
292 silly addNameRange     '0.6.0',
292 silly addNameRange     '0.7.0',
292 silly addNameRange     '0.7.1',
292 silly addNameRange     '0.7.2',
292 silly addNameRange     '0.8.0',
292 silly addNameRange     '0.8.1',
292 silly addNameRange     '0.9.0',
292 silly addNameRange     '0.9.1',
292 silly addNameRange     '0.9.2',
292 silly addNameRange     '0.10.0',
292 silly addNameRange     '0.11.0',
292 silly addNameRange     '0.11.1',
292 silly addNameRange     '0.11.2',
292 silly addNameRange     '0.12.0',
292 silly addNameRange     '0.12.1',
292 silly addNameRange     '0.12.2',
292 silly addNameRange     '0.12.3',
292 silly addNameRange     '0.13.0',
292 silly addNameRange     '0.14.0' ] ]
293 silly addNamed core-decorators@0.12.3
294 verbose addNamed "0.12.3" is a plain semver version for core-decorators
295 verbose afterAdd C:\Users\kench\AppData\Roaming\npm-cache\can-use-dom\0.1.0\package\package.json written
296 silly cache afterAdd react-spinner-children@1.0.5
297 verbose afterAdd C:\Users\kench\AppData\Roaming\npm-cache\react-spinner-children\1.0.5\package\package.json not in flight; writing
298 verbose correctMkdir C:\Users\kench\AppData\Roaming\npm-cache correctMkdir not in flight; initializing
299 silly cache afterAdd core-decorators@0.12.3
300 verbose afterAdd C:\Users\kench\AppData\Roaming\npm-cache\core-decorators\0.12.3\package\package.json not in flight; writing
301 verbose correctMkdir C:\Users\kench\AppData\Roaming\npm-cache correctMkdir not in flight; initializing
302 verbose afterAdd C:\Users\kench\AppData\Roaming\npm-cache\qs\6.3.0\package\package.json written
303 verbose afterAdd C:\Users\kench\AppData\Roaming\npm-cache\react-spinner-children\1.0.5\package\package.json written
304 verbose afterAdd C:\Users\kench\AppData\Roaming\npm-cache\core-decorators\0.12.3\package\package.json written
305 silly install resolved [ { name: 'keymirror',
305 silly install resolved     version: '0.1.1',
305 silly install resolved     description: 'A simple utility for creating an object with values equal to its keys. Identical to react/lib/keyMirror',
305 silly install resolved     main: 'index.js',
305 silly install resolved     author:
305 silly install resolved      { name: 'Samuel Reed',
305 silly install resolved        email: 'sam@tixelated.com',
305 silly install resolved        url: 'http://strml.net/' },
305 silly install resolved     repository:
305 silly install resolved      { type: 'git',
305 silly install resolved        url: 'git+https://github.com/STRML/keyMirror.git' },
305 silly install resolved     licenses: [ [Object] ],
305 silly install resolved     gitHead: '2dafae96f33088e3030804f1113543c3c6c130b7',
305 silly install resolved     bugs: { url: 'https://github.com/STRML/keyMirror/issues' },
305 silly install resolved     homepage: 'https://github.com/STRML/keyMirror',
305 silly install resolved     _id: 'keymirror@0.1.1',
305 silly install resolved     scripts: {},
305 silly install resolved     _shasum: '918889ea13f8d0a42e7c557250eee713adc95c35',
305 silly install resolved     _from: 'keymirror@>=0.1.1 <0.2.0',
305 silly install resolved     _npmVersion: '1.4.28',
305 silly install resolved     _npmUser: { name: 'strml', email: 'samuel.trace.reed@gmail.com' },
305 silly install resolved     maintainers: [ [Object] ],
305 silly install resolved     dist:
305 silly install resolved      { shasum: '918889ea13f8d0a42e7c557250eee713adc95c35',
305 silly install resolved        tarball: 'https://registry.npmjs.org/keymirror/-/keymirror-0.1.1.tgz' },
305 silly install resolved     directories: {},
305 silly install resolved     _resolved: 'https://registry.npmjs.org/keymirror/-/keymirror-0.1.1.tgz',
305 silly install resolved     readme: 'ERROR: No README data found!' },
305 silly install resolved   { name: 'can-use-dom',
305 silly install resolved     version: '0.1.0',
305 silly install resolved     description: 'Test if you can use dom in the current environment',
305 silly install resolved     main: 'index.js',
305 silly install resolved     scripts: { test: 'mocha test.js' },
305 silly install resolved     repository:
305 silly install resolved      { type: 'git',
305 silly install resolved        url: 'git+https://github.com/akiran/can-use-dom.git' },
305 silly install resolved     keywords: [ 'isomorphic' ],
305 silly install resolved     author: { name: 'Kiran Abburi' },
305 silly install resolved     license: 'MIT',
305 silly install resolved     bugs: { url: 'https://github.com/akiran/can-use-dom/issues' },
305 silly install resolved     homepage: 'https://github.com/akiran/can-use-dom',
305 silly install resolved     devDependencies: { jsdom: '^3.1.0', mocha: '^2.1.0', should: '^4.6.3' },
305 silly install resolved     gitHead: '0d49ab2adaacdd6c0160c6aafd474be4904a2e52',
305 silly install resolved     _id: 'can-use-dom@0.1.0',
305 silly install resolved     _shasum: '22cc4a34a0abc43950f42c6411024a3f6366b45a',
305 silly install resolved     _from: 'can-use-dom@>=0.1.0 <0.2.0',
305 silly install resolved     _npmVersion: '2.1.3',
305 silly install resolved     _nodeVersion: '0.10.26',
305 silly install resolved     _npmUser: { name: 'akiran', email: 'kiran.coder0@gmail.com' },
305 silly install resolved     maintainers: [ [Object] ],
305 silly install resolved     dist:
305 silly install resolved      { shasum: '22cc4a34a0abc43950f42c6411024a3f6366b45a',
305 silly install resolved        tarball: 'https://registry.npmjs.org/can-use-dom/-/can-use-dom-0.1.0.tgz' },
305 silly install resolved     directories: {},
305 silly install resolved     _resolved: 'https://registry.npmjs.org/can-use-dom/-/can-use-dom-0.1.0.tgz',
305 silly install resolved     readme: 'ERROR: No README data found!' },
305 silly install resolved   { name: 'qs',
305 silly install resolved     description: 'A querystring parser that supports nesting and arrays, with a depth limit',
305 silly install resolved     homepage: 'https://github.com/ljharb/qs',
305 silly install resolved     version: '6.3.0',
305 silly install resolved     repository: { type: 'git', url: 'git+https://github.com/ljharb/qs.git' },
305 silly install resolved     main: 'lib/index.js',
305 silly install resolved     contributors: [ [Object] ],
305 silly install resolved     keywords: [ 'querystring', 'qs' ],
305 silly install resolved     engines: { node: '>=0.6' },
305 silly install resolved     dependencies: {},
305 silly install resolved     devDependencies:
305 silly install resolved      { '@ljharb/eslint-config': '^8.0.0',
305 silly install resolved        browserify: '^13.1.0',
305 silly install resolved        covert: '^1.1.0',
305 silly install resolved        eslint: '^3.8.0',
305 silly install resolved        evalmd: '^0.0.17',
305 silly install resolved        'iconv-lite': '^0.4.13',
305 silly install resolved        mkdirp: '^0.5.1',
305 silly install resolved        parallelshell: '^2.0.0',
305 silly install resolved        'qs-iconv': '^1.0.3',
305 silly install resolved        'safe-publish-latest': '^1.1.1',
305 silly install resolved        tape: '^4.6.2' },
305 silly install resolved     scripts:
305 silly install resolved      { prepublish: 'safe-publish-latest && npm run dist',
305 silly install resolved        pretest: 'npm run --silent readme && npm run --silent lint',
305 silly install resolved        test: 'npm run --silent coverage',
305 silly install resolved        'tests-only': 'node test',
305 silly install resolved        readme: 'evalmd README.md',
305 silly install resolved        lint: 'eslint lib/*.js test/*.js',
305 silly install resolved        coverage: 'covert test',
305 silly install resolved        dist: 'mkdirp dist && browserify --standalone Qs lib/index.js > dist/qs.js' },
305 silly install resolved     license: 'BSD-3-Clause',
305 silly install resolved     gitHead: '8aa9c26f90335b5483a4f456dea9acbada8a881c',
305 silly install resolved     bugs: { url: 'https://github.com/ljharb/qs/issues' },
305 silly install resolved     _id: 'qs@6.3.0',
305 silly install resolved     _shasum: 'f403b264f23bc01228c74131b407f18d5ea5d442',
305 silly install resolved     _from: 'qs@>=6.2.1 <7.0.0',
305 silly install resolved     _npmVersion: '3.10.3',
305 silly install resolved     _nodeVersion: '6.6.0',
305 silly install resolved     _npmUser: { name: 'ljharb', email: 'ljharb@gmail.com' },
305 silly install resolved     dist:
305 silly install resolved      { shasum: 'f403b264f23bc01228c74131b407f18d5ea5d442',
305 silly install resolved        tarball: 'https://registry.npmjs.org/qs/-/qs-6.3.0.tgz' },
305 silly install resolved     maintainers: [ [Object], [Object], [Object] ],
305 silly install resolved     _npmOperationalInternal:
305 silly install resolved      { host: 'packages-16-east.internal.npmjs.com',
305 silly install resolved        tmp: 'tmp/qs-6.3.0.tgz_1476663988179_0.7400497454218566' },
305 silly install resolved     directories: {},
305 silly install resolved     _resolved: 'https://registry.npmjs.org/qs/-/qs-6.3.0.tgz',
305 silly install resolved     readme: 'ERROR: No README data found!' },
305 silly install resolved   { name: 'react-spinner-children',
305 silly install resolved     version: '1.0.5',
305 silly install resolved     description: 'A React component wrapper for spin.js with support for children',
305 silly install resolved     author:
305 silly install resolved      { name: 'Zlatko Fedor',
305 silly install resolved        email: 'zfedor@gmail.com',
305 silly install resolved        url: 'http://www.cherrysro.com/' },
305 silly install resolved     repository:
305 silly install resolved      { type: 'git',
305 silly install resolved        url: 'git://github.com/seeden/react-spinner-children.git' },
305 silly install resolved     keywords:
305 silly install resolved      [ 'react',
305 silly install resolved        'react-component',
305 silly install resolved        'spin',
305 silly install resolved        'spin.js',
305 silly install resolved        'spinner',
305 silly install resolved        'loading',
305 silly install resolved        'children',
305 silly install resolved        'isomorphic',
305 silly install resolved        'server' ],
305 silly install resolved     private: false,
305 silly install resolved     license: 'MIT',
305 silly install resolved     main: './dist/index.js',
305 silly install resolved     engines: { node: '>= 0.12.0' },
305 silly install resolved     scripts:
305 silly install resolved      { prepublish: 'npm run build',
305 silly install resolved        test: 'babel-node ./node_modules/gulp/bin/gulp.js test',
305 silly install resolved        build: 'babel-node ./node_modules/gulp/bin/gulp.js build',
305 silly install resolved        coveralls: 'babel-node ./node_modules/gulp/bin/gulp.js coveralls',
305 silly install resolved        eslint: 'node ./node_modules/eslint/bin/eslint.js --ext .js,.jsx .' },
305 silly install resolved     dependencies: { 'spin.js': '^2.3.2' },
305 silly install resolved     devDependencies:
305 silly install resolved      { 'babel-cli': '^6.7.5',
305 silly install resolved        'babel-core': '^6.7.6',
305 silly install resolved        'babel-eslint': '^6.0.3',
305 silly install resolved        'babel-plugin-transform-decorators': '^6.6.5',
305 silly install resolved        'babel-plugin-transform-class-properties': '^6.6.0',
305 silly install resolved        'babel-preset-es2015': '^6.6.0',
305 silly install resolved        'babel-preset-react': '^6.5.0',
305 silly install resolved        'babel-preset-stage-0': '^6.5.0',
305 silly install resolved        'babel-preset-stage-1': '^6.5.0',
305 silly install resolved        eslint: '^2.8.0',
305 silly install resolved        'eslint-config-airbnb': '^7.0.0',
305 silly install resolved        'eslint-loader': '^1.3.0',
305 silly install resolved        'eslint-plugin-react': '^4.3.0',
305 silly install resolved        'eslint-plugin-jsx-a11y': '^0.6.2',
305 silly install resolved        gulp: '^3.9.1',
305 silly install resolved        'gulp-babel': '^6.1.2',
305 silly install resolved        'gulp-coveralls': '^0.1.4',
305 silly install resolved        'gulp-jsx-coverage': '^0.3.8',
305 silly install resolved        'gulp-util': '^3.0.7',
305 silly install resolved        react: '^15.0.1',
305 silly install resolved        'react-addons-test-utils': '^15.0.1',
305 silly install resolved        'react-dom': '^15.0.1',
305 silly install resolved        should: '^8.3.1',
305 silly install resolved        mocha: '^2.4.5',
305 silly install resolved        jsdom: '^3.1.2 || ^6.5.1' },
305 silly install resolved     peerDependencies: { react: '15.x || 0.14.x' },
305 silly install resolved     gitHead: '57a1597b1dc5ac606fc1da5e733c1f58e94d66c2',
305 silly install resolved     bugs: { url: 'https://github.com/seeden/react-spinner-children/issues' },
305 silly install resolved     homepage: 'https://github.com/seeden/react-spinner-children#readme',
305 silly install resolved     _id: 'react-spinner-children@1.0.5',
305 silly install resolved     _shasum: '22326add38b88581681d2b775d02170b81124f3a',
305 silly install resolved     _from: 'react-spinner-children@>=1.0.5 <2.0.0',
305 silly install resolved     _npmVersion: '3.6.0',
305 silly install resolved     _nodeVersion: '5.7.0',
305 silly install resolved     _npmUser: { name: 'zlatkofedor', email: 'zfedor@gmail.com' },
305 silly install resolved     dist:
305 silly install resolved      { shasum: '22326add38b88581681d2b775d02170b81124f3a',
305 silly install resolved        tarball: 'https://registry.npmjs.org/react-spinner-children/-/react-spinner-children-1.0.5.tgz' },
305 silly install resolved     maintainers: [ [Object] ],
305 silly install resolved     _npmOperationalInternal:
305 silly install resolved      { host: 'packages-16-east.internal.npmjs.com',
305 silly install resolved        tmp: 'tmp/react-spinner-children-1.0.5.tgz_1461189645236_0.6722048809751868' },
305 silly install resolved     directories: {},
305 silly install resolved     _resolved: 'https://registry.npmjs.org/react-spinner-children/-/react-spinner-children-1.0.5.tgz',
305 silly install resolved     readme: 'ERROR: No README data found!' },
305 silly install resolved   { name: 'core-decorators',
305 silly install resolved     version: '0.12.3',
305 silly install resolved     description: 'Library of ES2016 (ES7) JavaScript decorators inspired by languages that come with built-ins like @override, @deprecate, @autobind, @mixin and more! Works great with React/Angular/more!',
305 silly install resolved     main: 'lib/core-decorators.js',
305 silly install resolved     'jsnext:main': 'src/core-decorators.js',
305 silly install resolved     files: [ 'lib', 'src', 'README.md', 'LICENSE' ],
305 silly install resolved     scripts:
305 silly install resolved      { build: 'babel --out-dir lib src',
305 silly install resolved        'build-bower': 'babel-node scripts/build-bower.js',
305 silly install resolved        test: 'npm run build && mocha --compilers js:babel/register --require babel/polyfill "test/**/*.spec.js"' },
305 silly install resolved     repository:
305 silly install resolved      { type: 'git',
305 silly install resolved        url: 'git+https://github.com/jayphelps/core-decorators.js.git' },
305 silly install resolved     keywords:
305 silly install resolved      [ 'es6',
305 silly install resolved        'es7',
305 silly install resolved        'es2015',
305 silly install resolved        'es2016',
305 silly install resolved        'babel',
305 silly install resolved        'decorators',
305 silly install resolved        'override',
305 silly install resolved        'deprecated',
305 silly install resolved        'java',
305 silly install resolved        'annotations',
305 silly install resolved        'autobind',
305 silly install resolved        'react',
305 silly install resolved        'angular',
305 silly install resolved        'lodash',
305 silly install resolved        'mixin',
305 silly install resolved        'mixins' ],
305 silly install resolved     author: { name: 'Jay Phelps', email: 'hello@jayphelps' },
305 silly install resolved     license: 'MIT',
305 silly install resolved     bugs: { url: 'https://github.com/jayphelps/core-decorators.js/issues' },
305 silly install resolved     homepage: 'https://github.com/jayphelps/core-decorators.js',
305 silly install resolved     devDependencies:
305 silly install resolved      { babel: '^5.4.7',
305 silly install resolved        camelcase: '^2.0.1',
305 silly install resolved        chai: '^3.2.0',
305 silly install resolved        glob: '^6.0.1',
305 silly install resolved        'interop-require': '1.0.0',
305 silly install resolved        lodash: '4.10.0',
305 silly install resolved        mocha: '^2.2.5',
305 silly install resolved        sinon: '^1.15.4',
305 silly install resolved        'sinon-chai': '^2.8.0' },
305 silly install resolved     gitHead: '77fb2953f8ea6decbbd1a7cfcdb75baba1173385',
305 silly install resolved     _id: 'core-decorators@0.12.3',
305 silly install resolved     _shasum: '6b3f83378e680d48b0c08da4489899b7532dcb43',
305 silly install resolved     _from: 'core-decorators@>=0.12.3 <0.13.0',
305 silly install resolved     _npmVersion: '3.8.3',
305 silly install resolved     _nodeVersion: '5.6.0',
305 silly install resolved     _npmUser: { name: 'jayphelps', email: 'hello@jayphelps.com' },
305 silly install resolved     dist:
305 silly install resolved      { shasum: '6b3f83378e680d48b0c08da4489899b7532dcb43',
305 silly install resolved        tarball: 'https://registry.npmjs.org/core-decorators/-/core-decorators-0.12.3.tgz' },
305 silly install resolved     maintainers: [ [Object] ],
305 silly install resolved     _npmOperationalInternal:
305 silly install resolved      { host: 'packages-12-west.internal.npmjs.com',
305 silly install resolved        tmp: 'tmp/core-decorators-0.12.3.tgz_1464654015401_0.6702664899639785' },
305 silly install resolved     directories: {},
305 silly install resolved     _resolved: 'https://registry.npmjs.org/core-decorators/-/core-decorators-0.12.3.tgz',
305 silly install resolved     readme: 'ERROR: No README data found!' } ]
306 info install keymirror@0.1.1 into C:\Users\kench\unsplash\node_modules\react-facebook
307 info install can-use-dom@0.1.0 into C:\Users\kench\unsplash\node_modules\react-facebook
308 info install qs@6.3.0 into C:\Users\kench\unsplash\node_modules\react-facebook
309 info install react-spinner-children@1.0.5 into C:\Users\kench\unsplash\node_modules\react-facebook
310 info install core-decorators@0.12.3 into C:\Users\kench\unsplash\node_modules\react-facebook
311 info installOne keymirror@0.1.1
312 verbose installOne of keymirror to C:\Users\kench\unsplash\node_modules\react-facebook not in flight; installing
313 verbose correctMkdir C:\Users\kench\AppData\Roaming\npm-cache\_locks correctMkdir not in flight; initializing
314 info installOne can-use-dom@0.1.0
315 verbose installOne of can-use-dom to C:\Users\kench\unsplash\node_modules\react-facebook not in flight; installing
316 verbose correctMkdir C:\Users\kench\AppData\Roaming\npm-cache\_locks correctMkdir not in flight; initializing
317 info installOne qs@6.3.0
318 verbose installOne of qs to C:\Users\kench\unsplash\node_modules\react-facebook not in flight; installing
319 verbose correctMkdir C:\Users\kench\AppData\Roaming\npm-cache\_locks correctMkdir not in flight; initializing
320 info installOne react-spinner-children@1.0.5
321 verbose installOne of react-spinner-children to C:\Users\kench\unsplash\node_modules\react-facebook not in flight; installing
322 verbose correctMkdir C:\Users\kench\AppData\Roaming\npm-cache\_locks correctMkdir not in flight; initializing
323 info installOne core-decorators@0.12.3
324 verbose installOne of core-decorators to C:\Users\kench\unsplash\node_modules\react-facebook not in flight; installing
325 verbose correctMkdir C:\Users\kench\AppData\Roaming\npm-cache\_locks correctMkdir not in flight; initializing
326 verbose lock using C:\Users\kench\AppData\Roaming\npm-cache\_locks\keymirror-67825c4c3ffa7591.lock for C:\Users\kench\unsplash\node_modules\react-facebook\node_modules\keymirror
327 verbose lock using C:\Users\kench\AppData\Roaming\npm-cache\_locks\can-use-dom-6f92b4db4518778e.lock for C:\Users\kench\unsplash\node_modules\react-facebook\node_modules\can-use-dom
328 silly install write writing keymirror 0.1.1 to C:\Users\kench\unsplash\node_modules\react-facebook\node_modules\keymirror
329 silly install write writing can-use-dom 0.1.0 to C:\Users\kench\unsplash\node_modules\react-facebook\node_modules\can-use-dom
330 verbose lock using C:\Users\kench\AppData\Roaming\npm-cache\_locks\qs-4f853b41dea03870.lock for C:\Users\kench\unsplash\node_modules\react-facebook\node_modules\qs
331 verbose lock using C:\Users\kench\AppData\Roaming\npm-cache\_locks\react-spinner-children-f5cff1f89dca6886.lock for C:\Users\kench\unsplash\node_modules\react-facebook\node_modules\react-spinner-children
332 verbose lock using C:\Users\kench\AppData\Roaming\npm-cache\_locks\core-decorators-dbc8262e05cd46d8.lock for C:\Users\kench\unsplash\node_modules\react-facebook\node_modules\core-decorators
333 silly install write writing qs 6.3.0 to C:\Users\kench\unsplash\node_modules\react-facebook\node_modules\qs
334 silly install write writing react-spinner-children 1.0.5 to C:\Users\kench\unsplash\node_modules\react-facebook\node_modules\react-spinner-children
335 silly install write writing core-decorators 0.12.3 to C:\Users\kench\unsplash\node_modules\react-facebook\node_modules\core-decorators
336 verbose unbuild node_modules\react-facebook\node_modules\keymirror
337 verbose unbuild node_modules\react-facebook\node_modules\can-use-dom
338 verbose unbuild node_modules\react-facebook\node_modules\react-spinner-children
339 verbose unbuild node_modules\react-facebook\node_modules\qs
340 silly gentlyRm C:\Users\kench\unsplash\node_modules\react-facebook\node_modules\keymirror is being purged from base C:\Users\kench\unsplash
341 verbose gentlyRm don't care about contents; nuking C:\Users\kench\unsplash\node_modules\react-facebook\node_modules\keymirror
342 verbose unbuild node_modules\react-facebook\node_modules\core-decorators
343 silly gentlyRm C:\Users\kench\unsplash\node_modules\react-facebook\node_modules\can-use-dom is being purged from base C:\Users\kench\unsplash
344 verbose gentlyRm don't care about contents; nuking C:\Users\kench\unsplash\node_modules\react-facebook\node_modules\can-use-dom
345 verbose tar unpack C:\Users\kench\AppData\Roaming\npm-cache\keymirror\0.1.1\package.tgz
346 verbose tar unpacking to C:\Users\kench\unsplash\node_modules\react-facebook\node_modules\keymirror
347 silly gentlyRm C:\Users\kench\unsplash\node_modules\react-facebook\node_modules\keymirror is being purged
348 verbose gentlyRm don't care about contents; nuking C:\Users\kench\unsplash\node_modules\react-facebook\node_modules\keymirror
349 silly gentlyRm C:\Users\kench\unsplash\node_modules\react-facebook\node_modules\react-spinner-children is being purged from base C:\Users\kench\unsplash
350 verbose gentlyRm don't care about contents; nuking C:\Users\kench\unsplash\node_modules\react-facebook\node_modules\react-spinner-children
351 silly gentlyRm C:\Users\kench\unsplash\node_modules\react-facebook\node_modules\qs is being purged from base C:\Users\kench\unsplash
352 verbose gentlyRm don't care about contents; nuking C:\Users\kench\unsplash\node_modules\react-facebook\node_modules\qs
353 verbose tar unpack C:\Users\kench\AppData\Roaming\npm-cache\can-use-dom\0.1.0\package.tgz
354 verbose tar unpacking to C:\Users\kench\unsplash\node_modules\react-facebook\node_modules\can-use-dom
355 silly gentlyRm C:\Users\kench\unsplash\node_modules\react-facebook\node_modules\can-use-dom is being purged
356 verbose gentlyRm don't care about contents; nuking C:\Users\kench\unsplash\node_modules\react-facebook\node_modules\can-use-dom
357 silly gunzTarPerm modes [ '777', '666' ]
358 verbose tar unpack C:\Users\kench\AppData\Roaming\npm-cache\react-spinner-children\1.0.5\package.tgz
359 verbose tar unpacking to C:\Users\kench\unsplash\node_modules\react-facebook\node_modules\react-spinner-children
360 silly gentlyRm C:\Users\kench\unsplash\node_modules\react-facebook\node_modules\react-spinner-children is being purged
361 verbose gentlyRm don't care about contents; nuking C:\Users\kench\unsplash\node_modules\react-facebook\node_modules\react-spinner-children
362 verbose tar unpack C:\Users\kench\AppData\Roaming\npm-cache\qs\6.3.0\package.tgz
363 verbose tar unpacking to C:\Users\kench\unsplash\node_modules\react-facebook\node_modules\qs
364 silly gentlyRm C:\Users\kench\unsplash\node_modules\react-facebook\node_modules\qs is being purged
365 verbose gentlyRm don't care about contents; nuking C:\Users\kench\unsplash\node_modules\react-facebook\node_modules\qs
366 silly gunzTarPerm modes [ '777', '666' ]
367 silly gunzTarPerm modes [ '777', '666' ]
368 silly gentlyRm C:\Users\kench\unsplash\node_modules\react-facebook\node_modules\core-decorators is being purged from base C:\Users\kench\unsplash
369 verbose gentlyRm don't care about contents; nuking C:\Users\kench\unsplash\node_modules\react-facebook\node_modules\core-decorators
370 silly gunzTarPerm modes [ '777', '666' ]
371 verbose tar unpack C:\Users\kench\AppData\Roaming\npm-cache\core-decorators\0.12.3\package.tgz
372 verbose tar unpacking to C:\Users\kench\unsplash\node_modules\react-facebook\node_modules\core-decorators
373 silly gentlyRm C:\Users\kench\unsplash\node_modules\react-facebook\node_modules\core-decorators is being purged
374 verbose gentlyRm don't care about contents; nuking C:\Users\kench\unsplash\node_modules\react-facebook\node_modules\core-decorators
375 silly gunzTarPerm modes [ '777', '666' ]
376 silly gunzTarPerm extractEntry package.json
377 silly gunzTarPerm modified mode [ 'package.json', 420, 438 ]
378 silly gunzTarPerm extractEntry package.json
379 silly gunzTarPerm modified mode [ 'package.json', 436, 438 ]
380 silly gunzTarPerm extractEntry package.json
381 silly gunzTarPerm modified mode [ 'package.json', 420, 438 ]
382 silly gunzTarPerm extractEntry package.json
383 silly gunzTarPerm modified mode [ 'package.json', 420, 438 ]
384 silly gunzTarPerm extractEntry package.json
385 silly gunzTarPerm modified mode [ 'package.json', 420, 438 ]
386 silly gunzTarPerm extractEntry README.md
387 silly gunzTarPerm modified mode [ 'README.md', 420, 438 ]
388 silly gunzTarPerm extractEntry index.js
389 silly gunzTarPerm modified mode [ 'index.js', 420, 438 ]
390 silly gunzTarPerm extractEntry .npmignore
391 silly gunzTarPerm modified mode [ '.npmignore', 436, 438 ]
392 silly gunzTarPerm extractEntry LICENSE
393 silly gunzTarPerm modified mode [ 'LICENSE', 436, 438 ]
394 silly gunzTarPerm extractEntry .npmignore
395 silly gunzTarPerm modified mode [ '.npmignore', 420, 438 ]
396 silly gunzTarPerm extractEntry README.md
397 silly gunzTarPerm modified mode [ 'README.md', 420, 438 ]
398 silly gunzTarPerm extractEntry README.md
399 silly gunzTarPerm modified mode [ 'README.md', 420, 438 ]
400 silly gunzTarPerm extractEntry LICENSE
401 silly gunzTarPerm modified mode [ 'LICENSE', 420, 438 ]
402 silly gunzTarPerm extractEntry README.md
403 silly gunzTarPerm modified mode [ 'README.md', 420, 438 ]
404 silly gunzTarPerm extractEntry LICENSE
405 silly gunzTarPerm modified mode [ 'LICENSE', 420, 438 ]
406 silly gunzTarPerm extractEntry LICENSE
407 silly gunzTarPerm modified mode [ 'LICENSE', 420, 438 ]
408 silly gunzTarPerm extractEntry gulpfile.js
409 silly gunzTarPerm modified mode [ 'gulpfile.js', 420, 438 ]
410 silly gunzTarPerm extractEntry index.js
411 silly gunzTarPerm modified mode [ 'index.js', 436, 438 ]
412 silly gunzTarPerm extractEntry test.js
413 silly gunzTarPerm modified mode [ 'test.js', 436, 438 ]
414 silly gunzTarPerm extractEntry CHANGELOG.md
415 silly gunzTarPerm modified mode [ 'CHANGELOG.md', 420, 438 ]
416 silly gunzTarPerm extractEntry lib/applyDecorators.js
417 silly gunzTarPerm modified mode [ 'lib/applyDecorators.js', 420, 438 ]
418 silly gunzTarPerm extractEntry lib/deprecate.js
419 silly gunzTarPerm modified mode [ 'lib/deprecate.js', 420, 438 ]
420 silly gunzTarPerm extractEntry .travis.yml
421 silly gunzTarPerm modified mode [ '.travis.yml', 420, 438 ]
422 silly gunzTarPerm extractEntry .eslintrc
423 silly gunzTarPerm modified mode [ '.eslintrc', 420, 438 ]
424 silly gunzTarPerm extractEntry .eslintignore
425 silly gunzTarPerm modified mode [ '.eslintignore', 420, 438 ]
426 silly gunzTarPerm extractEntry dist/index.js
427 silly gunzTarPerm modified mode [ 'dist/index.js', 420, 438 ]
428 silly gunzTarPerm extractEntry lib/enumerable.js
429 silly gunzTarPerm modified mode [ 'lib/enumerable.js', 420, 438 ]
430 silly gunzTarPerm extractEntry lib/extendDescriptor.js
431 silly gunzTarPerm modified mode [ 'lib/extendDescriptor.js', 420, 438 ]
432 silly gunzTarPerm extractEntry CONTRIBUTING.md
433 silly gunzTarPerm modified mode [ 'CONTRIBUTING.md', 420, 438 ]
434 silly gunzTarPerm extractEntry .eslintrc
435 silly gunzTarPerm modified mode [ '.eslintrc', 420, 438 ]
436 silly gunzTarPerm extractEntry tests/input.jsx
437 silly gunzTarPerm modified mode [ 'tests/input.jsx', 420, 438 ]
438 verbose write writing to C:\Users\kench\unsplash\node_modules\react-facebook\node_modules\keymirror\package.json
439 silly gunzTarPerm extractEntry lib/lazy-initialize.js
440 silly gunzTarPerm modified mode [ 'lib/lazy-initialize.js', 420, 438 ]
441 silly gunzTarPerm extractEntry lib/decorate.js
442 silly gunzTarPerm modified mode [ 'lib/decorate.js', 420, 438 ]
443 info preinstall keymirror@0.1.1
444 verbose write writing to C:\Users\kench\unsplash\node_modules\react-facebook\node_modules\can-use-dom\package.json
445 silly gunzTarPerm extractEntry dist/qs.js
446 silly gunzTarPerm modified mode [ 'dist/qs.js', 420, 438 ]
447 silly gunzTarPerm extractEntry lib/formats.js
448 silly gunzTarPerm modified mode [ 'lib/formats.js', 420, 438 ]
449 verbose readDependencies loading dependencies from C:\Users\kench\unsplash\node_modules\react-facebook\node_modules\keymirror\package.json
450 silly gunzTarPerm extractEntry .babelrc
451 silly gunzTarPerm modified mode [ '.babelrc', 420, 438 ]
452 silly gunzTarPerm extractEntry utils/tester.js
453 silly gunzTarPerm modified mode [ 'utils/tester.js', 420, 438 ]
454 verbose readDependencies loading dependencies from C:\Users\kench\unsplash\node_modules\react-facebook\node_modules\keymirror\package.json
455 silly gunzTarPerm extractEntry lib/mixin.js
456 silly gunzTarPerm modified mode [ 'lib/mixin.js', 420, 438 ]
457 silly gunzTarPerm extractEntry lib/nonconfigurable.js
458 silly gunzTarPerm modified mode [ 'lib/nonconfigurable.js', 420, 438 ]
459 info preinstall can-use-dom@0.1.0
460 silly install resolved []
461 verbose about to build C:\Users\kench\unsplash\node_modules\react-facebook\node_modules\keymirror
462 info build C:\Users\kench\unsplash\node_modules\react-facebook\node_modules\keymirror
463 verbose readDependencies loading dependencies from C:\Users\kench\unsplash\node_modules\react-facebook\node_modules\can-use-dom\package.json
464 silly gunzTarPerm extractEntry lib/index.js
465 silly gunzTarPerm modified mode [ 'lib/index.js', 493, 511 ]
466 silly gunzTarPerm extractEntry lib/parse.js
467 silly gunzTarPerm modified mode [ 'lib/parse.js', 493, 511 ]
468 info linkStuff keymirror@0.1.1
469 silly linkStuff keymirror@0.1.1 has C:\Users\kench\unsplash\node_modules\react-facebook\node_modules as its parent node_modules
470 verbose readDependencies loading dependencies from C:\Users\kench\unsplash\node_modules\react-facebook\node_modules\can-use-dom\package.json
471 silly gunzTarPerm extractEntry lib/stringify.js
472 silly gunzTarPerm modified mode [ 'lib/stringify.js', 493, 511 ]
473 silly gunzTarPerm extractEntry lib/utils.js
474 silly gunzTarPerm modified mode [ 'lib/utils.js', 493, 511 ]
475 silly install resolved []
476 verbose about to build C:\Users\kench\unsplash\node_modules\react-facebook\node_modules\can-use-dom
477 info build C:\Users\kench\unsplash\node_modules\react-facebook\node_modules\can-use-dom
478 verbose linkBins keymirror@0.1.1
479 verbose linkMans keymirror@0.1.1
480 verbose rebuildBundles keymirror@0.1.1
481 silly gunzTarPerm extractEntry lib/nonenumerable.js
482 silly gunzTarPerm modified mode [ 'lib/nonenumerable.js', 420, 438 ]
483 silly gunzTarPerm extractEntry lib/override.js
484 silly gunzTarPerm modified mode [ 'lib/override.js', 420, 438 ]
485 info install keymirror@0.1.1
486 info linkStuff can-use-dom@0.1.0
487 silly linkStuff can-use-dom@0.1.0 has C:\Users\kench\unsplash\node_modules\react-facebook\node_modules as its parent node_modules
488 info postinstall keymirror@0.1.1
489 silly gunzTarPerm extractEntry .eslintignore
490 silly gunzTarPerm modified mode [ '.eslintignore', 420, 438 ]
491 silly gunzTarPerm extractEntry test/index.js
492 silly gunzTarPerm modified mode [ 'test/index.js', 420, 438 ]
493 silly gunzTarPerm extractEntry test/parse.js
494 silly gunzTarPerm modified mode [ 'test/parse.js', 493, 511 ]
495 verbose unlock done using C:\Users\kench\AppData\Roaming\npm-cache\_locks\keymirror-67825c4c3ffa7591.lock for C:\Users\kench\unsplash\node_modules\react-facebook\node_modules\keymirror
496 verbose linkBins can-use-dom@0.1.0
497 verbose linkMans can-use-dom@0.1.0
498 verbose rebuildBundles can-use-dom@0.1.0
499 silly gunzTarPerm extractEntry lib/throttle.js
500 silly gunzTarPerm modified mode [ 'lib/throttle.js', 420, 438 ]
501 silly gunzTarPerm extractEntry lib/debounce.js
502 silly gunzTarPerm modified mode [ 'lib/debounce.js', 420, 438 ]
503 info install can-use-dom@0.1.0
504 info postinstall can-use-dom@0.1.0
505 verbose unlock done using C:\Users\kench\AppData\Roaming\npm-cache\_locks\can-use-dom-6f92b4db4518778e.lock for C:\Users\kench\unsplash\node_modules\react-facebook\node_modules\can-use-dom
506 silly gunzTarPerm extractEntry lib/readonly.js
507 silly gunzTarPerm modified mode [ 'lib/readonly.js', 420, 438 ]
508 silly gunzTarPerm extractEntry lib/core-decorators.js
509 silly gunzTarPerm modified mode [ 'lib/core-decorators.js', 420, 438 ]
510 silly gunzTarPerm extractEntry lib/suppress-warnings.js
511 silly gunzTarPerm modified mode [ 'lib/suppress-warnings.js', 420, 438 ]
512 silly gunzTarPerm extractEntry lib/autobind.js
513 silly gunzTarPerm modified mode [ 'lib/autobind.js', 420, 438 ]
514 silly gunzTarPerm extractEntry test/stringify.js
515 silly gunzTarPerm modified mode [ 'test/stringify.js', 493, 511 ]
516 silly gunzTarPerm extractEntry test/utils.js
517 silly gunzTarPerm modified mode [ 'test/utils.js', 493, 511 ]
518 silly gunzTarPerm extractEntry test/.eslintrc
519 silly gunzTarPerm modified mode [ 'test/.eslintrc', 420, 438 ]
520 silly gunzTarPerm extractEntry lib/time.js
521 silly gunzTarPerm modified mode [ 'lib/time.js', 420, 438 ]
522 silly gunzTarPerm extractEntry lib/memoize.js
523 silly gunzTarPerm modified mode [ 'lib/memoize.js', 420, 438 ]
524 verbose write writing to C:\Users\kench\unsplash\node_modules\react-facebook\node_modules\react-spinner-children\package.json
525 info preinstall react-spinner-children@1.0.5
526 verbose readDependencies loading dependencies from C:\Users\kench\unsplash\node_modules\react-facebook\node_modules\react-spinner-children\package.json
527 silly prepareForInstallMany adding spin.js@^2.3.2 from react-spinner-children dependencies
528 verbose readDependencies loading dependencies from C:\Users\kench\unsplash\node_modules\react-facebook\node_modules\react-spinner-children\package.json
529 silly gunzTarPerm extractEntry lib/private/utils.js
530 silly gunzTarPerm modified mode [ 'lib/private/utils.js', 420, 438 ]
531 silly gunzTarPerm extractEntry src/time.js
532 silly gunzTarPerm modified mode [ 'src/time.js', 420, 438 ]
533 silly cache add args [ 'spin.js@^2.3.2', null ]
534 verbose cache add spec spin.js@^2.3.2
535 silly cache add parsed spec Result {
535 silly cache add   raw: 'spin.js@^2.3.2',
535 silly cache add   scope: null,
535 silly cache add   name: 'spin.js',
535 silly cache add   rawSpec: '^2.3.2',
535 silly cache add   spec: '>=2.3.2 <3.0.0',
535 silly cache add   type: 'range' }
536 silly addNamed spin.js@>=2.3.2 <3.0.0
537 verbose addNamed ">=2.3.2 <3.0.0" is a valid semver range for spin.js
538 silly addNameRange { name: 'spin.js', range: '>=2.3.2 <3.0.0', hasData: false }
539 silly mapToRegistry name spin.js
540 silly mapToRegistry using default registry
541 silly mapToRegistry registry https://registry.npmjs.org/
542 silly mapToRegistry data Result {
542 silly mapToRegistry   raw: 'spin.js',
542 silly mapToRegistry   scope: null,
542 silly mapToRegistry   name: 'spin.js',
542 silly mapToRegistry   rawSpec: '',
542 silly mapToRegistry   spec: 'latest',
542 silly mapToRegistry   type: 'tag' }
543 silly mapToRegistry uri https://registry.npmjs.org/spin.js
544 verbose addNameRange registry:https://registry.npmjs.org/spin.js not in flight; fetching
545 silly gunzTarPerm extractEntry src/deprecate.js
546 silly gunzTarPerm modified mode [ 'src/deprecate.js', 420, 438 ]
547 silly gunzTarPerm extractEntry src/enumerable.js
548 silly gunzTarPerm modified mode [ 'src/enumerable.js', 420, 438 ]
549 verbose request uri https://registry.npmjs.org/spin.js
550 verbose request no auth needed
551 info attempt registry request try #1 at 3:45:45 PM
552 verbose etag "SIEDBDOZH3INS8Y61UWSJDN4"
553 http request GET https://registry.npmjs.org/spin.js
554 silly gunzTarPerm extractEntry src/extendDescriptor.js
555 silly gunzTarPerm modified mode [ 'src/extendDescriptor.js', 420, 438 ]
556 silly gunzTarPerm extractEntry src/decorate.js
557 silly gunzTarPerm modified mode [ 'src/decorate.js', 420, 438 ]
558 silly gunzTarPerm extractEntry src/applyDecorators.js
559 silly gunzTarPerm modified mode [ 'src/applyDecorators.js', 420, 438 ]
560 silly gunzTarPerm extractEntry src/mixin.js
561 silly gunzTarPerm modified mode [ 'src/mixin.js', 420, 438 ]
562 silly gunzTarPerm extractEntry src/nonconfigurable.js
563 silly gunzTarPerm modified mode [ 'src/nonconfigurable.js', 420, 438 ]
564 silly gunzTarPerm extractEntry src/nonenumerable.js
565 silly gunzTarPerm modified mode [ 'src/nonenumerable.js', 420, 438 ]
566 silly gunzTarPerm extractEntry src/override.js
567 silly gunzTarPerm modified mode [ 'src/override.js', 420, 438 ]
568 silly gunzTarPerm extractEntry src/debounce.js
569 silly gunzTarPerm modified mode [ 'src/debounce.js', 420, 438 ]
570 silly gunzTarPerm extractEntry src/throttle.js
571 silly gunzTarPerm modified mode [ 'src/throttle.js', 420, 438 ]
572 silly gunzTarPerm extractEntry src/core-decorators.js
573 silly gunzTarPerm modified mode [ 'src/core-decorators.js', 420, 438 ]
574 silly gunzTarPerm extractEntry src/readonly.js
575 silly gunzTarPerm modified mode [ 'src/readonly.js', 420, 438 ]
576 silly gunzTarPerm extractEntry src/autobind.js
577 silly gunzTarPerm modified mode [ 'src/autobind.js', 420, 438 ]
578 silly gunzTarPerm extractEntry src/suppress-warnings.js
579 silly gunzTarPerm modified mode [ 'src/suppress-warnings.js', 420, 438 ]
580 silly gunzTarPerm extractEntry src/lazy-initialize.js
581 silly gunzTarPerm modified mode [ 'src/lazy-initialize.js', 420, 438 ]
582 silly gunzTarPerm extractEntry src/memoize.js
583 silly gunzTarPerm modified mode [ 'src/memoize.js', 420, 438 ]
584 silly gunzTarPerm extractEntry src/private/utils.js
585 silly gunzTarPerm modified mode [ 'src/private/utils.js', 420, 438 ]
586 silly gunzTarPerm extractEntry src/.babelrc
587 silly gunzTarPerm modified mode [ 'src/.babelrc', 420, 438 ]
588 verbose write writing to C:\Users\kench\unsplash\node_modules\react-facebook\node_modules\qs\package.json
589 info preinstall qs@6.3.0
590 verbose readDependencies loading dependencies from C:\Users\kench\unsplash\node_modules\react-facebook\node_modules\qs\package.json
591 verbose readDependencies loading dependencies from C:\Users\kench\unsplash\node_modules\react-facebook\node_modules\qs\package.json
592 silly install resolved []
593 verbose about to build C:\Users\kench\unsplash\node_modules\react-facebook\node_modules\qs
594 info build C:\Users\kench\unsplash\node_modules\react-facebook\node_modules\qs
595 info linkStuff qs@6.3.0
596 silly linkStuff qs@6.3.0 has C:\Users\kench\unsplash\node_modules\react-facebook\node_modules as its parent node_modules
597 verbose linkBins qs@6.3.0
598 verbose linkMans qs@6.3.0
599 verbose rebuildBundles qs@6.3.0
600 info install qs@6.3.0
601 info postinstall qs@6.3.0
602 verbose unlock done using C:\Users\kench\AppData\Roaming\npm-cache\_locks\qs-4f853b41dea03870.lock for C:\Users\kench\unsplash\node_modules\react-facebook\node_modules\qs
603 http 304 https://registry.npmjs.org/spin.js
604 verbose headers { date: 'Mon, 31 Oct 2016 22:45:44 GMT',
604 verbose headers   via: '1.1 varnish',
604 verbose headers   'cache-control': 'max-age=300',
604 verbose headers   etag: '"SIEDBDOZH3INS8Y61UWSJDN4"',
604 verbose headers   age: '130',
604 verbose headers   connection: 'keep-alive',
604 verbose headers   'x-served-by': 'cache-sjc3139-SJC',
604 verbose headers   'x-cache': 'HIT',
604 verbose headers   'x-cache-hits': '1',
604 verbose headers   'x-timer': 'S1477953944.572860,VS0,VE0',
604 verbose headers   vary: 'Accept-Encoding' }
605 silly get cb [ 304,
605 silly get   { date: 'Mon, 31 Oct 2016 22:45:44 GMT',
605 silly get     via: '1.1 varnish',
605 silly get     'cache-control': 'max-age=300',
605 silly get     etag: '"SIEDBDOZH3INS8Y61UWSJDN4"',
605 silly get     age: '130',
605 silly get     connection: 'keep-alive',
605 silly get     'x-served-by': 'cache-sjc3139-SJC',
605 silly get     'x-cache': 'HIT',
605 silly get     'x-cache-hits': '1',
605 silly get     'x-timer': 'S1477953944.572860,VS0,VE0',
605 silly get     vary: 'Accept-Encoding' } ]
606 verbose etag https://registry.npmjs.org/spin.js from cache
607 verbose get saving spin.js to C:\Users\kench\AppData\Roaming\npm-cache\registry.npmjs.org\spin.js\.cache.json
608 verbose correctMkdir C:\Users\kench\AppData\Roaming\npm-cache correctMkdir not in flight; initializing
609 silly addNameRange number 2 { name: 'spin.js', range: '>=2.3.2 <3.0.0', hasData: true }
610 silly addNameRange versions [ 'spin.js',
610 silly addNameRange   [ '1.3.1',
610 silly addNameRange     '1.3.2',
610 silly addNameRange     '2.0.0',
610 silly addNameRange     '2.0.1',
610 silly addNameRange     '2.0.2',
610 silly addNameRange     '2.1.0',
610 silly addNameRange     '2.1.1',
610 silly addNameRange     '2.1.2',
610 silly addNameRange     '2.3.1',
610 silly addNameRange     '2.3.2' ] ]
611 silly addNamed spin.js@2.3.2
612 verbose addNamed "2.3.2" is a plain semver version for spin.js
613 silly cache afterAdd spin.js@2.3.2
614 verbose afterAdd C:\Users\kench\AppData\Roaming\npm-cache\spin.js\2.3.2\package\package.json not in flight; writing
615 verbose correctMkdir C:\Users\kench\AppData\Roaming\npm-cache correctMkdir not in flight; initializing
616 verbose afterAdd C:\Users\kench\AppData\Roaming\npm-cache\spin.js\2.3.2\package\package.json written
617 silly install resolved [ { name: 'spin.js',
617 silly install resolved     version: '2.3.2',
617 silly install resolved     main: 'spin.js',
617 silly install resolved     author: { name: 'Felix Gnass', email: 'fgnass@gmail.com' },
617 silly install resolved     contributors: [ [Object] ],
617 silly install resolved     license: 'MIT',
617 silly install resolved     repository: { type: 'git', url: 'git://github.com/fgnass/spin.js.git' },
617 silly install resolved     keywords: [ 'spin', 'spinner', 'component' ],
617 silly install resolved     component: { scripts: [Object] },
617 silly install resolved     devDependencies:
617 silly install resolved      { grunt: '~0.4.2',
617 silly install resolved        'grunt-gh-pages': '~0.9.0',
617 silly install resolved        'grunt-contrib-uglify': '~0.2.7',
617 silly install resolved        'grunt-contrib-copy': '~0.5.0',
617 silly install resolved        'grunt-bump': '0.0.13' },
617 silly install resolved     spm: { main: 'spin.js' },
617 silly install resolved     gitHead: 'f0cc4b82358bee8bbb50f0fd90090bfe4d612da1',
617 silly install resolved     description: 'An animated CSS3 loading spinner with VML fallback for IE.',
617 silly install resolved     bugs: { url: 'https://github.com/fgnass/spin.js/issues' },
617 silly install resolved     homepage: 'https://github.com/fgnass/spin.js#readme',
617 silly install resolved     _id: 'spin.js@2.3.2',
617 silly install resolved     scripts: {},
617 silly install resolved     _shasum: '6caa56d520673450fd5cfbc6971e6d0772c37a1a',
617 silly install resolved     _from: 'spin.js@>=2.3.2 <3.0.0',
617 silly install resolved     _npmVersion: '2.13.0',
617 silly install resolved     _nodeVersion: '2.4.0',
617 silly install resolved     _npmUser: { name: 'timothygu', email: 'timothygu99@gmail.com' },
617 silly install resolved     dist:
617 silly install resolved      { shasum: '6caa56d520673450fd5cfbc6971e6d0772c37a1a',
617 silly install resolved        tarball: 'https://registry.npmjs.org/spin.js/-/spin.js-2.3.2.tgz' },
617 silly install resolved     maintainers: [ [Object], [Object] ],
617 silly install resolved     directories: {},
617 silly install resolved     _resolved: 'https://registry.npmjs.org/spin.js/-/spin.js-2.3.2.tgz',
617 silly install resolved     readme: 'ERROR: No README data found!' } ]
618 info install spin.js@2.3.2 into C:\Users\kench\unsplash\node_modules\react-facebook\node_modules\react-spinner-children
619 info installOne spin.js@2.3.2
620 verbose installOne of spin.js to C:\Users\kench\unsplash\node_modules\react-facebook\node_modules\react-spinner-children not in flight; installing
621 verbose correctMkdir C:\Users\kench\AppData\Roaming\npm-cache\_locks correctMkdir not in flight; initializing
622 verbose lock using C:\Users\kench\AppData\Roaming\npm-cache\_locks\spin-js-122f6ea656a669db.lock for C:\Users\kench\unsplash\node_modules\react-facebook\node_modules\react-spinner-children\node_modules\spin.js
623 silly install write writing spin.js 2.3.2 to C:\Users\kench\unsplash\node_modules\react-facebook\node_modules\react-spinner-children\node_modules\spin.js
624 verbose unbuild node_modules\react-facebook\node_modules\react-spinner-children\node_modules\spin.js
625 silly gentlyRm C:\Users\kench\unsplash\node_modules\react-facebook\node_modules\react-spinner-children\node_modules\spin.js is being purged from base C:\Users\kench\unsplash
626 verbose gentlyRm don't care about contents; nuking C:\Users\kench\unsplash\node_modules\react-facebook\node_modules\react-spinner-children\node_modules\spin.js
627 verbose tar unpack C:\Users\kench\AppData\Roaming\npm-cache\spin.js\2.3.2\package.tgz
628 verbose tar unpacking to C:\Users\kench\unsplash\node_modules\react-facebook\node_modules\react-spinner-children\node_modules\spin.js
629 silly gentlyRm C:\Users\kench\unsplash\node_modules\react-facebook\node_modules\react-spinner-children\node_modules\spin.js is being purged
630 verbose gentlyRm don't care about contents; nuking C:\Users\kench\unsplash\node_modules\react-facebook\node_modules\react-spinner-children\node_modules\spin.js
631 silly gunzTarPerm modes [ '777', '666' ]
632 silly gunzTarPerm extractEntry package.json
633 silly gunzTarPerm modified mode [ 'package.json', 420, 438 ]
634 silly gunzTarPerm extractEntry .npmignore
635 silly gunzTarPerm modified mode [ '.npmignore', 420, 438 ]
636 silly gunzTarPerm extractEntry README.md
637 silly gunzTarPerm modified mode [ 'README.md', 420, 438 ]
638 silly gunzTarPerm extractEntry spin.min.js
639 silly gunzTarPerm modified mode [ 'spin.min.js', 420, 438 ]
640 silly gunzTarPerm extractEntry jquery.spin.js
641 silly gunzTarPerm modified mode [ 'jquery.spin.js', 420, 438 ]
642 silly gunzTarPerm extractEntry spin.js
643 silly gunzTarPerm modified mode [ 'spin.js', 420, 438 ]
644 silly gunzTarPerm extractEntry .grunt/grunt-gh-pages/gh-pages/release/jquery.spin.js
645 silly gunzTarPerm modified mode [ '.grunt/grunt-gh-pages/gh-pages/release/jquery.spin.js',
645 silly gunzTarPerm   420,
645 silly gunzTarPerm   438 ]
646 silly gunzTarPerm extractEntry .grunt/grunt-gh-pages/gh-pages/release/spin.js
647 silly gunzTarPerm modified mode [ '.grunt/grunt-gh-pages/gh-pages/release/spin.js', 420, 438 ]
648 silly gunzTarPerm extractEntry .grunt/grunt-gh-pages/gh-pages/release/spin.min.js
649 silly gunzTarPerm modified mode [ '.grunt/grunt-gh-pages/gh-pages/release/spin.min.js',
649 silly gunzTarPerm   420,
649 silly gunzTarPerm   438 ]
650 silly gunzTarPerm extractEntry .grunt/grunt-gh-pages/gh-pages/release/CNAME
651 silly gunzTarPerm modified mode [ '.grunt/grunt-gh-pages/gh-pages/release/CNAME', 420, 438 ]
652 silly gunzTarPerm extractEntry .grunt/grunt-gh-pages/gh-pages/release/assets/prettify.js
653 silly gunzTarPerm modified mode [ '.grunt/grunt-gh-pages/gh-pages/release/assets/prettify.js',
653 silly gunzTarPerm   420,
653 silly gunzTarPerm   438 ]
654 silly gunzTarPerm extractEntry .grunt/grunt-gh-pages/gh-pages/release/assets/bg.png
655 silly gunzTarPerm modified mode [ '.grunt/grunt-gh-pages/gh-pages/release/assets/bg.png',
655 silly gunzTarPerm   420,
655 silly gunzTarPerm   438 ]
656 silly gunzTarPerm extractEntry .grunt/grunt-gh-pages/gh-pages/release/assets/browsers.png
657 silly gunzTarPerm modified mode [ '.grunt/grunt-gh-pages/gh-pages/release/assets/browsers.png',
657 silly gunzTarPerm   420,
657 silly gunzTarPerm   438 ]
658 silly gunzTarPerm extractEntry .grunt/grunt-gh-pages/gh-pages/release/assets/crosshair.gif
659 silly gunzTarPerm modified mode [ '.grunt/grunt-gh-pages/gh-pages/release/assets/crosshair.gif',
659 silly gunzTarPerm   420,
659 silly gunzTarPerm   438 ]
660 silly gunzTarPerm extractEntry .grunt/grunt-gh-pages/gh-pages/release/assets/fd-slider/fd-slider.js
661 silly gunzTarPerm modified mode [ '.grunt/grunt-gh-pages/gh-pages/release/assets/fd-slider/fd-slider.js',
661 silly gunzTarPerm   420,
661 silly gunzTarPerm   438 ]
662 silly gunzTarPerm extractEntry .grunt/grunt-gh-pages/gh-pages/release/assets/fd-slider/fd-slider-tooltip.css
663 silly gunzTarPerm modified mode [ '.grunt/grunt-gh-pages/gh-pages/release/assets/fd-slider/fd-slider-tooltip.css',
663 silly gunzTarPerm   420,
663 silly gunzTarPerm   438 ]
664 verbose write writing to C:\Users\kench\unsplash\node_modules\react-facebook\node_modules\core-decorators\package.json
665 silly gunzTarPerm extractEntry .grunt/grunt-gh-pages/gh-pages/release/assets/fd-slider/fd-slider.css
666 silly gunzTarPerm modified mode [ '.grunt/grunt-gh-pages/gh-pages/release/assets/fd-slider/fd-slider.css',
666 silly gunzTarPerm   420,
666 silly gunzTarPerm   438 ]
667 silly gunzTarPerm extractEntry .grunt/grunt-gh-pages/gh-pages/release/assets/github.gif
668 silly gunzTarPerm modified mode [ '.grunt/grunt-gh-pages/gh-pages/release/assets/github.gif',
668 silly gunzTarPerm   420,
668 silly gunzTarPerm   438 ]
669 info preinstall core-decorators@0.12.3
670 verbose readDependencies loading dependencies from C:\Users\kench\unsplash\node_modules\react-facebook\node_modules\core-decorators\package.json
671 silly gunzTarPerm extractEntry .grunt/grunt-gh-pages/gh-pages/release/assets/main.css
672 silly gunzTarPerm modified mode [ '.grunt/grunt-gh-pages/gh-pages/release/assets/main.css',
672 silly gunzTarPerm   420,
672 silly gunzTarPerm   438 ]
673 silly gunzTarPerm extractEntry .grunt/grunt-gh-pages/gh-pages/release/assets/prettify.css
674 silly gunzTarPerm modified mode [ '.grunt/grunt-gh-pages/gh-pages/release/assets/prettify.css',
674 silly gunzTarPerm   420,
674 silly gunzTarPerm   438 ]
675 verbose readDependencies loading dependencies from C:\Users\kench\unsplash\node_modules\react-facebook\node_modules\core-decorators\package.json
676 silly gunzTarPerm extractEntry .grunt/grunt-gh-pages/gh-pages/release/assets/preview.jpg
677 silly gunzTarPerm modified mode [ '.grunt/grunt-gh-pages/gh-pages/release/assets/preview.jpg',
677 silly gunzTarPerm   420,
677 silly gunzTarPerm   438 ]
678 silly gunzTarPerm extractEntry .grunt/grunt-gh-pages/gh-pages/release/assets/ribbon.png
679 silly gunzTarPerm modified mode [ '.grunt/grunt-gh-pages/gh-pages/release/assets/ribbon.png',
679 silly gunzTarPerm   420,
679 silly gunzTarPerm   438 ]
680 silly install resolved []
681 verbose about to build C:\Users\kench\unsplash\node_modules\react-facebook\node_modules\core-decorators
682 info build C:\Users\kench\unsplash\node_modules\react-facebook\node_modules\core-decorators
683 info linkStuff core-decorators@0.12.3
684 silly linkStuff core-decorators@0.12.3 has C:\Users\kench\unsplash\node_modules\react-facebook\node_modules as its parent node_modules
685 verbose linkBins core-decorators@0.12.3
686 verbose linkMans core-decorators@0.12.3
687 verbose rebuildBundles core-decorators@0.12.3
688 info install core-decorators@0.12.3
689 info postinstall core-decorators@0.12.3
690 verbose unlock done using C:\Users\kench\AppData\Roaming\npm-cache\_locks\core-decorators-dbc8262e05cd46d8.lock for C:\Users\kench\unsplash\node_modules\react-facebook\node_modules\core-decorators
691 silly gunzTarPerm extractEntry .grunt/grunt-gh-pages/gh-pages/release/example/modernizr.js
692 silly gunzTarPerm modified mode [ '.grunt/grunt-gh-pages/gh-pages/release/example/modernizr.js',
692 silly gunzTarPerm   420,
692 silly gunzTarPerm   438 ]
693 silly gunzTarPerm extractEntry .grunt/grunt-gh-pages/gh-pages/release/example/amd.html
694 silly gunzTarPerm modified mode [ '.grunt/grunt-gh-pages/gh-pages/release/example/amd.html',
694 silly gunzTarPerm   420,
694 silly gunzTarPerm   438 ]
695 silly gunzTarPerm extractEntry .grunt/grunt-gh-pages/gh-pages/release/example/jquery.html
696 silly gunzTarPerm modified mode [ '.grunt/grunt-gh-pages/gh-pages/release/example/jquery.html',
696 silly gunzTarPerm   420,
696 silly gunzTarPerm   438 ]
697 silly gunzTarPerm extractEntry .grunt/grunt-gh-pages/gh-pages/release/example/modernizr.html
698 silly gunzTarPerm modified mode [ '.grunt/grunt-gh-pages/gh-pages/release/example/modernizr.html',
698 silly gunzTarPerm   420,
698 silly gunzTarPerm   438 ]
699 silly gunzTarPerm extractEntry .grunt/grunt-gh-pages/gh-pages/release/example/positioning.html
700 silly gunzTarPerm modified mode [ '.grunt/grunt-gh-pages/gh-pages/release/example/positioning.html',
700 silly gunzTarPerm   420,
700 silly gunzTarPerm   438 ]
701 silly gunzTarPerm extractEntry .grunt/grunt-gh-pages/gh-pages/release/example/settings.html
702 silly gunzTarPerm modified mode [ '.grunt/grunt-gh-pages/gh-pages/release/example/settings.html',
702 silly gunzTarPerm   420,
702 silly gunzTarPerm   438 ]
703 silly gunzTarPerm extractEntry .grunt/grunt-gh-pages/gh-pages/release/favicon.ico
704 silly gunzTarPerm modified mode [ '.grunt/grunt-gh-pages/gh-pages/release/favicon.ico',
704 silly gunzTarPerm   420,
704 silly gunzTarPerm   438 ]
705 silly gunzTarPerm extractEntry .grunt/grunt-gh-pages/gh-pages/release/index.html
706 silly gunzTarPerm modified mode [ '.grunt/grunt-gh-pages/gh-pages/release/index.html', 420, 438 ]
707 silly gunzTarPerm extractEntry .spmignore
708 silly gunzTarPerm modified mode [ '.spmignore', 420, 438 ]
709 silly gunzTarPerm extractEntry .jshintrc
710 silly gunzTarPerm modified mode [ '.jshintrc', 420, 438 ]
711 silly gunzTarPerm extractEntry LICENSE.md
712 silly gunzTarPerm modified mode [ 'LICENSE.md', 420, 438 ]
713 verbose write writing to C:\Users\kench\unsplash\node_modules\react-facebook\node_modules\react-spinner-children\node_modules\spin.js\package.json
714 info preinstall spin.js@2.3.2
715 verbose readDependencies loading dependencies from C:\Users\kench\unsplash\node_modules\react-facebook\node_modules\react-spinner-children\node_modules\spin.js\package.json
716 verbose readDependencies loading dependencies from C:\Users\kench\unsplash\node_modules\react-facebook\node_modules\react-spinner-children\node_modules\spin.js\package.json
717 silly install resolved []
718 verbose about to build C:\Users\kench\unsplash\node_modules\react-facebook\node_modules\react-spinner-children\node_modules\spin.js
719 info build C:\Users\kench\unsplash\node_modules\react-facebook\node_modules\react-spinner-children\node_modules\spin.js
720 info linkStuff spin.js@2.3.2
721 silly linkStuff spin.js@2.3.2 has C:\Users\kench\unsplash\node_modules\react-facebook\node_modules\react-spinner-children\node_modules as its parent node_modules
722 verbose linkBins spin.js@2.3.2
723 verbose linkMans spin.js@2.3.2
724 verbose rebuildBundles spin.js@2.3.2
725 info install spin.js@2.3.2
726 info postinstall spin.js@2.3.2
727 verbose unlock done using C:\Users\kench\AppData\Roaming\npm-cache\_locks\spin-js-122f6ea656a669db.lock for C:\Users\kench\unsplash\node_modules\react-facebook\node_modules\react-spinner-children\node_modules\spin.js
728 verbose about to build C:\Users\kench\unsplash\node_modules\react-facebook\node_modules\react-spinner-children
729 info build C:\Users\kench\unsplash\node_modules\react-facebook\node_modules\react-spinner-children
730 info linkStuff react-spinner-children@1.0.5
731 silly linkStuff react-spinner-children@1.0.5 has C:\Users\kench\unsplash\node_modules\react-facebook\node_modules as its parent node_modules
732 verbose linkBins react-spinner-children@1.0.5
733 verbose linkMans react-spinner-children@1.0.5
734 verbose rebuildBundles react-spinner-children@1.0.5
735 verbose rebuildBundles [ 'spin.js' ]
736 info install react-spinner-children@1.0.5
737 info postinstall react-spinner-children@1.0.5
738 verbose unlock done using C:\Users\kench\AppData\Roaming\npm-cache\_locks\react-spinner-children-f5cff1f89dca6886.lock for C:\Users\kench\unsplash\node_modules\react-facebook\node_modules\react-spinner-children
739 verbose about to build C:\Users\kench\unsplash\node_modules\react-facebook
740 info build C:\Users\kench\unsplash\node_modules\react-facebook
741 info linkStuff react-facebook@2.1.4
742 silly linkStuff react-facebook@2.1.4 has C:\Users\kench\unsplash\node_modules as its parent node_modules
743 verbose linkBins react-facebook@2.1.4
744 verbose linkMans react-facebook@2.1.4
745 verbose rebuildBundles react-facebook@2.1.4
746 verbose rebuildBundles [ 'can-use-dom',
746 verbose rebuildBundles   'core-decorators',
746 verbose rebuildBundles   'keymirror',
746 verbose rebuildBundles   'qs',
746 verbose rebuildBundles   'react-spinner-children' ]
747 info install react-facebook@2.1.4
748 info postinstall react-facebook@2.1.4
749 verbose unlock done using C:\Users\kench\AppData\Roaming\npm-cache\_locks\react-facebook-a9898b3c14da3501.lock for C:\Users\kench\unsplash\node_modules\react-facebook
750 verbose validateInstall loading C:\Users\kench\unsplash\package.json for validation
751 verbose stack Error: The package react@15.3.2 does not satisfy its siblings' peerDependencies requirements!
751 verbose stack     at C:\Program Files\nodejs\node_modules\npm\lib\install.js:125:32
751 verbose stack     at C:\Program Files\nodejs\node_modules\npm\lib\install.js:268:7
751 verbose stack     at C:\Program Files\nodejs\node_modules\npm\node_modules\read-installed\read-installed.js:142:5
751 verbose stack     at C:\Program Files\nodejs\node_modules\npm\node_modules\read-installed\read-installed.js:263:14
751 verbose stack     at cb (C:\Program Files\nodejs\node_modules\npm\node_modules\slide\lib\async-map.js:47:24)
751 verbose stack     at C:\Program Files\nodejs\node_modules\npm\node_modules\read-installed\read-installed.js:263:14
751 verbose stack     at cb (C:\Program Files\nodejs\node_modules\npm\node_modules\slide\lib\async-map.js:47:24)
751 verbose stack     at C:\Program Files\nodejs\node_modules\npm\node_modules\read-installed\read-installed.js:263:14
751 verbose stack     at cb (C:\Program Files\nodejs\node_modules\npm\node_modules\slide\lib\async-map.js:47:24)
751 verbose stack     at C:\Program Files\nodejs\node_modules\npm\node_modules\read-installed\read-installed.js:263:14
752 verbose cwd C:\Users\kench\unsplash
753 error Windows_NT 10.0.14393
754 error argv "C:\\Program Files\\nodejs\\node.exe" "C:\\Program Files\\nodejs\\node_modules\\npm\\bin\\npm-cli.js" "install" "react-facebook" "--save"
755 error node v4.4.7
756 error npm  v2.15.8
757 error code EPEERINVALID
758 error peerinvalid The package react@15.3.2 does not satisfy its siblings' peerDependencies requirements!
758 error peerinvalid Peer react-dom@15.3.2 wants react@^15.3.2
758 error peerinvalid Peer react-router@2.8.1 wants react@^0.14.0 || ^15.0.0
758 error peerinvalid Peer react-facebook@2.1.4 wants react@15.x
758 error peerinvalid Peer react-fullscreen@0.1.0 wants react@^0.13.0 || ^0.14.0-a
758 error peerinvalid Peer react-bootstrap@0.30.3 wants react@>=0.14.0
758 error peerinvalid Peer react-masonry-component@4.2.2 wants react@^0.14.0 || ^15.0.0-0
759 verbose exit [ 1, true ]
